2025-05-17 13:40:11 info: Connected to MongoDB
2025-05-17 13:40:11 info: Server running on port 5000
2025-05-17 13:55:10 info: Connected to MongoDB
2025-05-17 13:55:10 info: Server running on port 5000
2025-05-17 13:55:39 info: Connected to MongoDB
2025-05-17 13:55:39 info: Server running on port 5000
2025-05-17 13:56:10 info: Connected to MongoDB
2025-05-17 13:56:10 info: Server running on port 5000
2025-05-17 14:00:10 info: Connected to MongoDB
2025-05-17 17:50:58 info: Connected to MongoDB
2025-05-17 17:50:58 info: Server running on port 5000
2025-05-18 18:59:01 info: Connected to MongoDB
2025-05-18 18:59:01 info: Server running on port 5000
2025-05-18 19:00:14 info: Connected to MongoDB
2025-05-18 19:00:14 info: Server running on port 5000
2025-05-18 20:33:31 info: Connected to MongoDB
2025-05-18 20:33:31 info: Server running on port 5000
2025-07-01 19:28:34 info: Connected to MongoDB
2025-07-01 19:28:34 info: Server running on port 5000
2025-07-01 19:50:10 info: Connected to MongoDB
2025-07-01 19:50:11 info: Server running on port 5000
2025-07-01 19:50:37 info: Connected to MongoDB
2025-07-01 19:50:37 info: Server running on port 5000
2025-07-01 19:50:40 info: Connected to MongoDB
2025-07-01 19:50:40 info: Server running on port 5000
2025-07-01 19:50:55 info: Connected to MongoDB
2025-07-01 19:50:55 info: Server running on port 5000
2025-07-01 19:50:58 info: Connected to MongoDB
2025-07-01 19:50:58 info: Server running on port 5000
2025-07-01 23:53:44 info: Connected to MongoDB
2025-07-01 23:53:44 info: Server running on port 5000
2025-07-02 00:00:00 info: Running scheduled habit streak update
2025-07-02 00:00:00 info: Starting daily habit streak update
2025-07-02 00:00:00 info: Found 7 habits to check
2025-07-02 00:00:00 info: Daily streak update complete. Updated 7 habits, 2 streaks were broken
2025-07-02 00:00:00 info: Streak update completed: 7 habits updated, 2 streaks broken
2025-07-02 16:01:26 info: Connected to MongoDB
2025-07-02 16:01:26 info: Server running on port 5000
2025-07-02 19:19:27 info: Connected to MongoDB
2025-07-02 19:19:27 info: Server running on port 5000
2025-07-09 12:13:46 info: Connected to MongoDB
2025-07-09 12:13:46 info: Server running on port 5000
2025-07-10 00:00:00 info: Running scheduled habit streak update
2025-07-10 00:00:00 info: Starting daily habit streak update
2025-07-10 00:00:05 info: Found 9 habits to check
2025-07-10 00:00:12 info: Daily streak update complete. Updated 9 habits, 0 streaks were broken
2025-07-10 00:00:12 info: Streak update completed: 9 habits updated, 0 streaks broken
2025-07-11 00:00:00 info: Running scheduled habit streak update
2025-07-11 00:00:00 info: Starting daily habit streak update
2025-07-11 00:00:00 info: Found 9 habits to check
2025-07-11 00:00:01 info: Daily streak update complete. Updated 9 habits, 1 streaks were broken
2025-07-11 00:00:01 info: Streak update completed: 9 habits updated, 1 streaks broken
2025-07-18 16:18:50 info: Connected to MongoDB
2025-07-18 16:18:50 info: Server running on port 5000
2025-07-18 22:43:43 info: Connected to MongoDB
2025-07-18 22:43:43 info: Server running on port 5000
2025-07-19 00:00:00 info: Running scheduled habit streak update
2025-07-19 00:00:00 info: Starting daily habit streak update
2025-07-19 00:00:00 info: Found 9 habits to check
2025-07-19 00:00:01 info: Daily streak update complete. Updated 9 habits, 0 streaks were broken
2025-07-19 00:00:01 info: Streak update completed: 9 habits updated, 0 streaks broken
2025-07-19 00:41:35 info: Connected to MongoDB
2025-07-19 00:41:35 info: Server running on port 5000
2025-07-19 12:23:54 error: Error: The CORS policy for this site does not allow access from the specified Origin.
    at origin (C:\Users\USER\Downloads\project - Copy\server\src\index.js:44:23)
    at C:\Users\USER\Downloads\project - Copy\server\node_modules\cors\lib\index.js:219:13
    at optionsCallback (C:\Users\USER\Downloads\project - Copy\server\node_modules\cors\lib\index.js:199:9)
    at corsMiddleware (C:\Users\USER\Downloads\project - Copy\server\node_modules\cors\lib\index.js:204:7)
    at Layer.handle [as handle_request] (C:\Users\USER\Downloads\project - Copy\server\node_modules\express\lib\router\layer.js:95:5)
    at trim_prefix (C:\Users\USER\Downloads\project - Copy\server\node_modules\express\lib\router\index.js:328:13)
    at C:\Users\USER\Downloads\project - Copy\server\node_modules\express\lib\router\index.js:286:9
    at Function.process_params (C:\Users\USER\Downloads\project - Copy\server\node_modules\express\lib\router\index.js:346:12)
    at next (C:\Users\USER\Downloads\project - Copy\server\node_modules\express\lib\router\index.js:280:10)
    at logger (C:\Users\USER\Downloads\project - Copy\server\node_modules\morgan\index.js:144:5)
2025-07-19 12:23:55 error: Error: The CORS policy for this site does not allow access from the specified Origin.
    at origin (C:\Users\USER\Downloads\project - Copy\server\src\index.js:44:23)
    at C:\Users\USER\Downloads\project - Copy\server\node_modules\cors\lib\index.js:219:13
    at optionsCallback (C:\Users\USER\Downloads\project - Copy\server\node_modules\cors\lib\index.js:199:9)
    at corsMiddleware (C:\Users\USER\Downloads\project - Copy\server\node_modules\cors\lib\index.js:204:7)
    at Layer.handle [as handle_request] (C:\Users\USER\Downloads\project - Copy\server\node_modules\express\lib\router\layer.js:95:5)
    at trim_prefix (C:\Users\USER\Downloads\project - Copy\server\node_modules\express\lib\router\index.js:328:13)
    at C:\Users\USER\Downloads\project - Copy\server\node_modules\express\lib\router\index.js:286:9
    at Function.process_params (C:\Users\USER\Downloads\project - Copy\server\node_modules\express\lib\router\index.js:346:12)
    at next (C:\Users\USER\Downloads\project - Copy\server\node_modules\express\lib\router\index.js:280:10)
    at logger (C:\Users\USER\Downloads\project - Copy\server\node_modules\morgan\index.js:144:5)
2025-07-19 12:23:59 error: Error: The CORS policy for this site does not allow access from the specified Origin.
    at origin (C:\Users\USER\Downloads\project - Copy\server\src\index.js:44:23)
    at C:\Users\USER\Downloads\project - Copy\server\node_modules\cors\lib\index.js:219:13
    at optionsCallback (C:\Users\USER\Downloads\project - Copy\server\node_modules\cors\lib\index.js:199:9)
    at corsMiddleware (C:\Users\USER\Downloads\project - Copy\server\node_modules\cors\lib\index.js:204:7)
    at Layer.handle [as handle_request] (C:\Users\USER\Downloads\project - Copy\server\node_modules\express\lib\router\layer.js:95:5)
    at trim_prefix (C:\Users\USER\Downloads\project - Copy\server\node_modules\express\lib\router\index.js:328:13)
    at C:\Users\USER\Downloads\project - Copy\server\node_modules\express\lib\router\index.js:286:9
    at Function.process_params (C:\Users\USER\Downloads\project - Copy\server\node_modules\express\lib\router\index.js:346:12)
    at next (C:\Users\USER\Downloads\project - Copy\server\node_modules\express\lib\router\index.js:280:10)
    at logger (C:\Users\USER\Downloads\project - Copy\server\node_modules\morgan\index.js:144:5)
2025-07-19 12:24:01 error: Error: The CORS policy for this site does not allow access from the specified Origin.
    at origin (C:\Users\USER\Downloads\project - Copy\server\src\index.js:44:23)
    at C:\Users\USER\Downloads\project - Copy\server\node_modules\cors\lib\index.js:219:13
    at optionsCallback (C:\Users\USER\Downloads\project - Copy\server\node_modules\cors\lib\index.js:199:9)
    at corsMiddleware (C:\Users\USER\Downloads\project - Copy\server\node_modules\cors\lib\index.js:204:7)
    at Layer.handle [as handle_request] (C:\Users\USER\Downloads\project - Copy\server\node_modules\express\lib\router\layer.js:95:5)
    at trim_prefix (C:\Users\USER\Downloads\project - Copy\server\node_modules\express\lib\router\index.js:328:13)
    at C:\Users\USER\Downloads\project - Copy\server\node_modules\express\lib\router\index.js:286:9
    at Function.process_params (C:\Users\USER\Downloads\project - Copy\server\node_modules\express\lib\router\index.js:346:12)
    at next (C:\Users\USER\Downloads\project - Copy\server\node_modules\express\lib\router\index.js:280:10)
    at logger (C:\Users\USER\Downloads\project - Copy\server\node_modules\morgan\index.js:144:5)
2025-07-19 12:24:01 error: Error: The CORS policy for this site does not allow access from the specified Origin.
    at origin (C:\Users\USER\Downloads\project - Copy\server\src\index.js:44:23)
    at C:\Users\USER\Downloads\project - Copy\server\node_modules\cors\lib\index.js:219:13
    at optionsCallback (C:\Users\USER\Downloads\project - Copy\server\node_modules\cors\lib\index.js:199:9)
    at corsMiddleware (C:\Users\USER\Downloads\project - Copy\server\node_modules\cors\lib\index.js:204:7)
    at Layer.handle [as handle_request] (C:\Users\USER\Downloads\project - Copy\server\node_modules\express\lib\router\layer.js:95:5)
    at trim_prefix (C:\Users\USER\Downloads\project - Copy\server\node_modules\express\lib\router\index.js:328:13)
    at C:\Users\USER\Downloads\project - Copy\server\node_modules\express\lib\router\index.js:286:9
    at Function.process_params (C:\Users\USER\Downloads\project - Copy\server\node_modules\express\lib\router\index.js:346:12)
    at next (C:\Users\USER\Downloads\project - Copy\server\node_modules\express\lib\router\index.js:280:10)
    at logger (C:\Users\USER\Downloads\project - Copy\server\node_modules\morgan\index.js:144:5)
2025-07-19 12:29:11 info: Connected to MongoDB
2025-07-19 12:29:11 info: Server running on port 5000
2025-07-19 12:29:43 info: Connected to MongoDB
2025-07-19 12:29:43 info: Server running on port 5000
2025-07-19 13:45:44 info: Connected to MongoDB
2025-07-19 13:45:44 info: Server running on port 5000
2025-07-19 17:44:35 info: Connected to MongoDB
2025-07-19 17:44:35 info: Server running on port 5000
2025-07-19 18:01:08 info: Connected to MongoDB
2025-07-19 18:07:06 info: Connected to MongoDB
2025-07-19 18:07:06 info: Server running on port 5000
2025-07-19 18:07:11 info: Connected to MongoDB
2025-07-19 18:07:11 info: Connected to MongoDB
2025-07-19 18:07:11 info: Server running on port 5000
2025-07-19 18:07:39 info: Connected to MongoDB
2025-07-19 18:07:39 info: Connected to MongoDB
2025-07-19 18:07:39 info: Server running on port 5000
2025-07-19 18:30:42 info: Connected to MongoDB
2025-07-19 18:30:42 info: Server running on port 5000
2025-07-19 18:30:42 info: Connected to MongoDB
2025-07-19 18:30:44 info: Connected to MongoDB
2025-07-19 18:30:45 info: Server running on port 5000
2025-07-19 18:30:45 info: Connected to MongoDB
2025-07-19 18:37:12 info: Connected to MongoDB
2025-07-19 18:37:12 info: Connected to MongoDB
2025-07-19 18:37:12 info: Server running on port 5000
2025-07-19 18:54:20 info: Connected to MongoDB
2025-07-19 18:54:20 info: Server running on port 5000
2025-07-19 18:54:20 info: Connected to MongoDB
2025-07-19 19:06:49 info: Connected to MongoDB
2025-07-19 19:06:49 info: Server running on port 5000
2025-07-19 19:06:50 info: Connected to MongoDB
2025-07-19 19:07:00 info: Connected to MongoDB
2025-07-19 19:07:00 info: Connected to MongoDB
2025-07-19 19:07:00 info: Server running on port 5000
2025-07-19 19:07:00 error: Error: The CORS policy for this site does not allow access from the specified Origin.
    at origin (C:\Users\USER\Downloads\project - Copy\server\src\index.js:44:23)
    at C:\Users\USER\Downloads\project - Copy\server\node_modules\cors\lib\index.js:219:13
    at optionsCallback (C:\Users\USER\Downloads\project - Copy\server\node_modules\cors\lib\index.js:199:9)
    at corsMiddleware (C:\Users\USER\Downloads\project - Copy\server\node_modules\cors\lib\index.js:204:7)
    at Layer.handle [as handle_request] (C:\Users\USER\Downloads\project - Copy\server\node_modules\express\lib\router\layer.js:95:5)
    at trim_prefix (C:\Users\USER\Downloads\project - Copy\server\node_modules\express\lib\router\index.js:328:13)
    at C:\Users\USER\Downloads\project - Copy\server\node_modules\express\lib\router\index.js:286:9
    at Function.process_params (C:\Users\USER\Downloads\project - Copy\server\node_modules\express\lib\router\index.js:346:12)
    at next (C:\Users\USER\Downloads\project - Copy\server\node_modules\express\lib\router\index.js:280:10)
    at logger (C:\Users\USER\Downloads\project - Copy\server\node_modules\morgan\index.js:144:5)
2025-07-19 19:07:00 error: Error: The CORS policy for this site does not allow access from the specified Origin.
    at origin (C:\Users\USER\Downloads\project - Copy\server\src\index.js:44:23)
    at C:\Users\USER\Downloads\project - Copy\server\node_modules\cors\lib\index.js:219:13
    at optionsCallback (C:\Users\USER\Downloads\project - Copy\server\node_modules\cors\lib\index.js:199:9)
    at corsMiddleware (C:\Users\USER\Downloads\project - Copy\server\node_modules\cors\lib\index.js:204:7)
    at Layer.handle [as handle_request] (C:\Users\USER\Downloads\project - Copy\server\node_modules\express\lib\router\layer.js:95:5)
    at trim_prefix (C:\Users\USER\Downloads\project - Copy\server\node_modules\express\lib\router\index.js:328:13)
    at C:\Users\USER\Downloads\project - Copy\server\node_modules\express\lib\router\index.js:286:9
    at Function.process_params (C:\Users\USER\Downloads\project - Copy\server\node_modules\express\lib\router\index.js:346:12)
    at next (C:\Users\USER\Downloads\project - Copy\server\node_modules\express\lib\router\index.js:280:10)
    at logger (C:\Users\USER\Downloads\project - Copy\server\node_modules\morgan\index.js:144:5)
2025-07-19 19:07:00 error: Error: The CORS policy for this site does not allow access from the specified Origin.
    at origin (C:\Users\USER\Downloads\project - Copy\server\src\index.js:44:23)
    at C:\Users\USER\Downloads\project - Copy\server\node_modules\cors\lib\index.js:219:13
    at optionsCallback (C:\Users\USER\Downloads\project - Copy\server\node_modules\cors\lib\index.js:199:9)
    at corsMiddleware (C:\Users\USER\Downloads\project - Copy\server\node_modules\cors\lib\index.js:204:7)
    at Layer.handle [as handle_request] (C:\Users\USER\Downloads\project - Copy\server\node_modules\express\lib\router\layer.js:95:5)
    at trim_prefix (C:\Users\USER\Downloads\project - Copy\server\node_modules\express\lib\router\index.js:328:13)
    at C:\Users\USER\Downloads\project - Copy\server\node_modules\express\lib\router\index.js:286:9
    at Function.process_params (C:\Users\USER\Downloads\project - Copy\server\node_modules\express\lib\router\index.js:346:12)
    at next (C:\Users\USER\Downloads\project - Copy\server\node_modules\express\lib\router\index.js:280:10)
    at logger (C:\Users\USER\Downloads\project - Copy\server\node_modules\morgan\index.js:144:5)
2025-07-19 19:07:00 error: Error: The CORS policy for this site does not allow access from the specified Origin.
    at origin (C:\Users\USER\Downloads\project - Copy\server\src\index.js:44:23)
    at C:\Users\USER\Downloads\project - Copy\server\node_modules\cors\lib\index.js:219:13
    at optionsCallback (C:\Users\USER\Downloads\project - Copy\server\node_modules\cors\lib\index.js:199:9)
    at corsMiddleware (C:\Users\USER\Downloads\project - Copy\server\node_modules\cors\lib\index.js:204:7)
    at Layer.handle [as handle_request] (C:\Users\USER\Downloads\project - Copy\server\node_modules\express\lib\router\layer.js:95:5)
    at trim_prefix (C:\Users\USER\Downloads\project - Copy\server\node_modules\express\lib\router\index.js:328:13)
    at C:\Users\USER\Downloads\project - Copy\server\node_modules\express\lib\router\index.js:286:9
    at Function.process_params (C:\Users\USER\Downloads\project - Copy\server\node_modules\express\lib\router\index.js:346:12)
    at next (C:\Users\USER\Downloads\project - Copy\server\node_modules\express\lib\router\index.js:280:10)
    at logger (C:\Users\USER\Downloads\project - Copy\server\node_modules\morgan\index.js:144:5)
2025-07-19 19:07:00 error: Error: The CORS policy for this site does not allow access from the specified Origin.
    at origin (C:\Users\USER\Downloads\project - Copy\server\src\index.js:44:23)
    at C:\Users\USER\Downloads\project - Copy\server\node_modules\cors\lib\index.js:219:13
    at optionsCallback (C:\Users\USER\Downloads\project - Copy\server\node_modules\cors\lib\index.js:199:9)
    at corsMiddleware (C:\Users\USER\Downloads\project - Copy\server\node_modules\cors\lib\index.js:204:7)
    at Layer.handle [as handle_request] (C:\Users\USER\Downloads\project - Copy\server\node_modules\express\lib\router\layer.js:95:5)
    at trim_prefix (C:\Users\USER\Downloads\project - Copy\server\node_modules\express\lib\router\index.js:328:13)
    at C:\Users\USER\Downloads\project - Copy\server\node_modules\express\lib\router\index.js:286:9
    at Function.process_params (C:\Users\USER\Downloads\project - Copy\server\node_modules\express\lib\router\index.js:346:12)
    at next (C:\Users\USER\Downloads\project - Copy\server\node_modules\express\lib\router\index.js:280:10)
    at logger (C:\Users\USER\Downloads\project - Copy\server\node_modules\morgan\index.js:144:5)
2025-07-19 19:07:00 error: Error: The CORS policy for this site does not allow access from the specified Origin.
    at origin (C:\Users\USER\Downloads\project - Copy\server\src\index.js:44:23)
    at C:\Users\USER\Downloads\project - Copy\server\node_modules\cors\lib\index.js:219:13
    at optionsCallback (C:\Users\USER\Downloads\project - Copy\server\node_modules\cors\lib\index.js:199:9)
    at corsMiddleware (C:\Users\USER\Downloads\project - Copy\server\node_modules\cors\lib\index.js:204:7)
    at Layer.handle [as handle_request] (C:\Users\USER\Downloads\project - Copy\server\node_modules\express\lib\router\layer.js:95:5)
    at trim_prefix (C:\Users\USER\Downloads\project - Copy\server\node_modules\express\lib\router\index.js:328:13)
    at C:\Users\USER\Downloads\project - Copy\server\node_modules\express\lib\router\index.js:286:9
    at Function.process_params (C:\Users\USER\Downloads\project - Copy\server\node_modules\express\lib\router\index.js:346:12)
    at next (C:\Users\USER\Downloads\project - Copy\server\node_modules\express\lib\router\index.js:280:10)
    at logger (C:\Users\USER\Downloads\project - Copy\server\node_modules\morgan\index.js:144:5)
2025-07-19 19:07:00 error: Error: The CORS policy for this site does not allow access from the specified Origin.
    at origin (C:\Users\USER\Downloads\project - Copy\server\src\index.js:44:23)
    at C:\Users\USER\Downloads\project - Copy\server\node_modules\cors\lib\index.js:219:13
    at optionsCallback (C:\Users\USER\Downloads\project - Copy\server\node_modules\cors\lib\index.js:199:9)
    at corsMiddleware (C:\Users\USER\Downloads\project - Copy\server\node_modules\cors\lib\index.js:204:7)
    at Layer.handle [as handle_request] (C:\Users\USER\Downloads\project - Copy\server\node_modules\express\lib\router\layer.js:95:5)
    at trim_prefix (C:\Users\USER\Downloads\project - Copy\server\node_modules\express\lib\router\index.js:328:13)
    at C:\Users\USER\Downloads\project - Copy\server\node_modules\express\lib\router\index.js:286:9
    at Function.process_params (C:\Users\USER\Downloads\project - Copy\server\node_modules\express\lib\router\index.js:346:12)
    at next (C:\Users\USER\Downloads\project - Copy\server\node_modules\express\lib\router\index.js:280:10)
    at logger (C:\Users\USER\Downloads\project - Copy\server\node_modules\morgan\index.js:144:5)
2025-07-19 19:07:43 error: Error: The CORS policy for this site does not allow access from the specified Origin.
    at origin (C:\Users\USER\Downloads\project - Copy\server\src\index.js:44:23)
    at C:\Users\USER\Downloads\project - Copy\server\node_modules\cors\lib\index.js:219:13
    at optionsCallback (C:\Users\USER\Downloads\project - Copy\server\node_modules\cors\lib\index.js:199:9)
    at corsMiddleware (C:\Users\USER\Downloads\project - Copy\server\node_modules\cors\lib\index.js:204:7)
    at Layer.handle [as handle_request] (C:\Users\USER\Downloads\project - Copy\server\node_modules\express\lib\router\layer.js:95:5)
    at trim_prefix (C:\Users\USER\Downloads\project - Copy\server\node_modules\express\lib\router\index.js:328:13)
    at C:\Users\USER\Downloads\project - Copy\server\node_modules\express\lib\router\index.js:286:9
    at Function.process_params (C:\Users\USER\Downloads\project - Copy\server\node_modules\express\lib\router\index.js:346:12)
    at next (C:\Users\USER\Downloads\project - Copy\server\node_modules\express\lib\router\index.js:280:10)
    at logger (C:\Users\USER\Downloads\project - Copy\server\node_modules\morgan\index.js:144:5)
2025-07-19 19:07:43 error: Error: The CORS policy for this site does not allow access from the specified Origin.
    at origin (C:\Users\USER\Downloads\project - Copy\server\src\index.js:44:23)
    at C:\Users\USER\Downloads\project - Copy\server\node_modules\cors\lib\index.js:219:13
    at optionsCallback (C:\Users\USER\Downloads\project - Copy\server\node_modules\cors\lib\index.js:199:9)
    at corsMiddleware (C:\Users\USER\Downloads\project - Copy\server\node_modules\cors\lib\index.js:204:7)
    at Layer.handle [as handle_request] (C:\Users\USER\Downloads\project - Copy\server\node_modules\express\lib\router\layer.js:95:5)
    at trim_prefix (C:\Users\USER\Downloads\project - Copy\server\node_modules\express\lib\router\index.js:328:13)
    at C:\Users\USER\Downloads\project - Copy\server\node_modules\express\lib\router\index.js:286:9
    at Function.process_params (C:\Users\USER\Downloads\project - Copy\server\node_modules\express\lib\router\index.js:346:12)
    at next (C:\Users\USER\Downloads\project - Copy\server\node_modules\express\lib\router\index.js:280:10)
    at logger (C:\Users\USER\Downloads\project - Copy\server\node_modules\morgan\index.js:144:5)
2025-07-19 19:07:43 error: Error: The CORS policy for this site does not allow access from the specified Origin.
    at origin (C:\Users\USER\Downloads\project - Copy\server\src\index.js:44:23)
    at C:\Users\USER\Downloads\project - Copy\server\node_modules\cors\lib\index.js:219:13
    at optionsCallback (C:\Users\USER\Downloads\project - Copy\server\node_modules\cors\lib\index.js:199:9)
    at corsMiddleware (C:\Users\USER\Downloads\project - Copy\server\node_modules\cors\lib\index.js:204:7)
    at Layer.handle [as handle_request] (C:\Users\USER\Downloads\project - Copy\server\node_modules\express\lib\router\layer.js:95:5)
    at trim_prefix (C:\Users\USER\Downloads\project - Copy\server\node_modules\express\lib\router\index.js:328:13)
    at C:\Users\USER\Downloads\project - Copy\server\node_modules\express\lib\router\index.js:286:9
    at Function.process_params (C:\Users\USER\Downloads\project - Copy\server\node_modules\express\lib\router\index.js:346:12)
    at next (C:\Users\USER\Downloads\project - Copy\server\node_modules\express\lib\router\index.js:280:10)
    at logger (C:\Users\USER\Downloads\project - Copy\server\node_modules\morgan\index.js:144:5)
2025-07-19 19:07:43 error: Error: The CORS policy for this site does not allow access from the specified Origin.
    at origin (C:\Users\USER\Downloads\project - Copy\server\src\index.js:44:23)
    at C:\Users\USER\Downloads\project - Copy\server\node_modules\cors\lib\index.js:219:13
    at optionsCallback (C:\Users\USER\Downloads\project - Copy\server\node_modules\cors\lib\index.js:199:9)
    at corsMiddleware (C:\Users\USER\Downloads\project - Copy\server\node_modules\cors\lib\index.js:204:7)
    at Layer.handle [as handle_request] (C:\Users\USER\Downloads\project - Copy\server\node_modules\express\lib\router\layer.js:95:5)
    at trim_prefix (C:\Users\USER\Downloads\project - Copy\server\node_modules\express\lib\router\index.js:328:13)
    at C:\Users\USER\Downloads\project - Copy\server\node_modules\express\lib\router\index.js:286:9
    at Function.process_params (C:\Users\USER\Downloads\project - Copy\server\node_modules\express\lib\router\index.js:346:12)
    at next (C:\Users\USER\Downloads\project - Copy\server\node_modules\express\lib\router\index.js:280:10)
    at logger (C:\Users\USER\Downloads\project - Copy\server\node_modules\morgan\index.js:144:5)
2025-07-19 19:07:44 error: Error: The CORS policy for this site does not allow access from the specified Origin.
    at origin (C:\Users\USER\Downloads\project - Copy\server\src\index.js:44:23)
    at C:\Users\USER\Downloads\project - Copy\server\node_modules\cors\lib\index.js:219:13
    at optionsCallback (C:\Users\USER\Downloads\project - Copy\server\node_modules\cors\lib\index.js:199:9)
    at corsMiddleware (C:\Users\USER\Downloads\project - Copy\server\node_modules\cors\lib\index.js:204:7)
    at Layer.handle [as handle_request] (C:\Users\USER\Downloads\project - Copy\server\node_modules\express\lib\router\layer.js:95:5)
    at trim_prefix (C:\Users\USER\Downloads\project - Copy\server\node_modules\express\lib\router\index.js:328:13)
    at C:\Users\USER\Downloads\project - Copy\server\node_modules\express\lib\router\index.js:286:9
    at Function.process_params (C:\Users\USER\Downloads\project - Copy\server\node_modules\express\lib\router\index.js:346:12)
    at next (C:\Users\USER\Downloads\project - Copy\server\node_modules\express\lib\router\index.js:280:10)
    at logger (C:\Users\USER\Downloads\project - Copy\server\node_modules\morgan\index.js:144:5)
2025-07-19 19:07:44 error: Error: The CORS policy for this site does not allow access from the specified Origin.
    at origin (C:\Users\USER\Downloads\project - Copy\server\src\index.js:44:23)
    at C:\Users\USER\Downloads\project - Copy\server\node_modules\cors\lib\index.js:219:13
    at optionsCallback (C:\Users\USER\Downloads\project - Copy\server\node_modules\cors\lib\index.js:199:9)
    at corsMiddleware (C:\Users\USER\Downloads\project - Copy\server\node_modules\cors\lib\index.js:204:7)
    at Layer.handle [as handle_request] (C:\Users\USER\Downloads\project - Copy\server\node_modules\express\lib\router\layer.js:95:5)
    at trim_prefix (C:\Users\USER\Downloads\project - Copy\server\node_modules\express\lib\router\index.js:328:13)
    at C:\Users\USER\Downloads\project - Copy\server\node_modules\express\lib\router\index.js:286:9
    at Function.process_params (C:\Users\USER\Downloads\project - Copy\server\node_modules\express\lib\router\index.js:346:12)
    at next (C:\Users\USER\Downloads\project - Copy\server\node_modules\express\lib\router\index.js:280:10)
    at logger (C:\Users\USER\Downloads\project - Copy\server\node_modules\morgan\index.js:144:5)
2025-07-19 19:07:44 error: Error: The CORS policy for this site does not allow access from the specified Origin.
    at origin (C:\Users\USER\Downloads\project - Copy\server\src\index.js:44:23)
    at C:\Users\USER\Downloads\project - Copy\server\node_modules\cors\lib\index.js:219:13
    at optionsCallback (C:\Users\USER\Downloads\project - Copy\server\node_modules\cors\lib\index.js:199:9)
    at corsMiddleware (C:\Users\USER\Downloads\project - Copy\server\node_modules\cors\lib\index.js:204:7)
    at Layer.handle [as handle_request] (C:\Users\USER\Downloads\project - Copy\server\node_modules\express\lib\router\layer.js:95:5)
    at trim_prefix (C:\Users\USER\Downloads\project - Copy\server\node_modules\express\lib\router\index.js:328:13)
    at C:\Users\USER\Downloads\project - Copy\server\node_modules\express\lib\router\index.js:286:9
    at Function.process_params (C:\Users\USER\Downloads\project - Copy\server\node_modules\express\lib\router\index.js:346:12)
    at next (C:\Users\USER\Downloads\project - Copy\server\node_modules\express\lib\router\index.js:280:10)
    at logger (C:\Users\USER\Downloads\project - Copy\server\node_modules\morgan\index.js:144:5)
2025-07-19 19:07:44 error: Error: The CORS policy for this site does not allow access from the specified Origin.
    at origin (C:\Users\USER\Downloads\project - Copy\server\src\index.js:44:23)
    at C:\Users\USER\Downloads\project - Copy\server\node_modules\cors\lib\index.js:219:13
    at optionsCallback (C:\Users\USER\Downloads\project - Copy\server\node_modules\cors\lib\index.js:199:9)
    at corsMiddleware (C:\Users\USER\Downloads\project - Copy\server\node_modules\cors\lib\index.js:204:7)
    at Layer.handle [as handle_request] (C:\Users\USER\Downloads\project - Copy\server\node_modules\express\lib\router\layer.js:95:5)
    at trim_prefix (C:\Users\USER\Downloads\project - Copy\server\node_modules\express\lib\router\index.js:328:13)
    at C:\Users\USER\Downloads\project - Copy\server\node_modules\express\lib\router\index.js:286:9
    at Function.process_params (C:\Users\USER\Downloads\project - Copy\server\node_modules\express\lib\router\index.js:346:12)
    at next (C:\Users\USER\Downloads\project - Copy\server\node_modules\express\lib\router\index.js:280:10)
    at logger (C:\Users\USER\Downloads\project - Copy\server\node_modules\morgan\index.js:144:5)
2025-07-19 19:07:44 error: Error: The CORS policy for this site does not allow access from the specified Origin.
    at origin (C:\Users\USER\Downloads\project - Copy\server\src\index.js:44:23)
    at C:\Users\USER\Downloads\project - Copy\server\node_modules\cors\lib\index.js:219:13
    at optionsCallback (C:\Users\USER\Downloads\project - Copy\server\node_modules\cors\lib\index.js:199:9)
    at corsMiddleware (C:\Users\USER\Downloads\project - Copy\server\node_modules\cors\lib\index.js:204:7)
    at Layer.handle [as handle_request] (C:\Users\USER\Downloads\project - Copy\server\node_modules\express\lib\router\layer.js:95:5)
    at trim_prefix (C:\Users\USER\Downloads\project - Copy\server\node_modules\express\lib\router\index.js:328:13)
    at C:\Users\USER\Downloads\project - Copy\server\node_modules\express\lib\router\index.js:286:9
    at Function.process_params (C:\Users\USER\Downloads\project - Copy\server\node_modules\express\lib\router\index.js:346:12)
    at next (C:\Users\USER\Downloads\project - Copy\server\node_modules\express\lib\router\index.js:280:10)
    at logger (C:\Users\USER\Downloads\project - Copy\server\node_modules\morgan\index.js:144:5)
2025-07-19 19:07:44 error: Error: The CORS policy for this site does not allow access from the specified Origin.
    at origin (C:\Users\USER\Downloads\project - Copy\server\src\index.js:44:23)
    at C:\Users\USER\Downloads\project - Copy\server\node_modules\cors\lib\index.js:219:13
    at optionsCallback (C:\Users\USER\Downloads\project - Copy\server\node_modules\cors\lib\index.js:199:9)
    at corsMiddleware (C:\Users\USER\Downloads\project - Copy\server\node_modules\cors\lib\index.js:204:7)
    at Layer.handle [as handle_request] (C:\Users\USER\Downloads\project - Copy\server\node_modules\express\lib\router\layer.js:95:5)
    at trim_prefix (C:\Users\USER\Downloads\project - Copy\server\node_modules\express\lib\router\index.js:328:13)
    at C:\Users\USER\Downloads\project - Copy\server\node_modules\express\lib\router\index.js:286:9
    at Function.process_params (C:\Users\USER\Downloads\project - Copy\server\node_modules\express\lib\router\index.js:346:12)
    at next (C:\Users\USER\Downloads\project - Copy\server\node_modules\express\lib\router\index.js:280:10)
    at logger (C:\Users\USER\Downloads\project - Copy\server\node_modules\morgan\index.js:144:5)
2025-07-19 19:08:32 error: Error: The CORS policy for this site does not allow access from the specified Origin.
    at origin (C:\Users\USER\Downloads\project - Copy\server\src\index.js:44:23)
    at C:\Users\USER\Downloads\project - Copy\server\node_modules\cors\lib\index.js:219:13
    at optionsCallback (C:\Users\USER\Downloads\project - Copy\server\node_modules\cors\lib\index.js:199:9)
    at corsMiddleware (C:\Users\USER\Downloads\project - Copy\server\node_modules\cors\lib\index.js:204:7)
    at Layer.handle [as handle_request] (C:\Users\USER\Downloads\project - Copy\server\node_modules\express\lib\router\layer.js:95:5)
    at trim_prefix (C:\Users\USER\Downloads\project - Copy\server\node_modules\express\lib\router\index.js:328:13)
    at C:\Users\USER\Downloads\project - Copy\server\node_modules\express\lib\router\index.js:286:9
    at Function.process_params (C:\Users\USER\Downloads\project - Copy\server\node_modules\express\lib\router\index.js:346:12)
    at next (C:\Users\USER\Downloads\project - Copy\server\node_modules\express\lib\router\index.js:280:10)
    at logger (C:\Users\USER\Downloads\project - Copy\server\node_modules\morgan\index.js:144:5)
2025-07-19 19:08:32 error: Error: The CORS policy for this site does not allow access from the specified Origin.
    at origin (C:\Users\USER\Downloads\project - Copy\server\src\index.js:44:23)
    at C:\Users\USER\Downloads\project - Copy\server\node_modules\cors\lib\index.js:219:13
    at optionsCallback (C:\Users\USER\Downloads\project - Copy\server\node_modules\cors\lib\index.js:199:9)
    at corsMiddleware (C:\Users\USER\Downloads\project - Copy\server\node_modules\cors\lib\index.js:204:7)
    at Layer.handle [as handle_request] (C:\Users\USER\Downloads\project - Copy\server\node_modules\express\lib\router\layer.js:95:5)
    at trim_prefix (C:\Users\USER\Downloads\project - Copy\server\node_modules\express\lib\router\index.js:328:13)
    at C:\Users\USER\Downloads\project - Copy\server\node_modules\express\lib\router\index.js:286:9
    at Function.process_params (C:\Users\USER\Downloads\project - Copy\server\node_modules\express\lib\router\index.js:346:12)
    at next (C:\Users\USER\Downloads\project - Copy\server\node_modules\express\lib\router\index.js:280:10)
    at logger (C:\Users\USER\Downloads\project - Copy\server\node_modules\morgan\index.js:144:5)
2025-07-19 19:08:34 error: Error: The CORS policy for this site does not allow access from the specified Origin.
    at origin (C:\Users\USER\Downloads\project - Copy\server\src\index.js:44:23)
    at C:\Users\USER\Downloads\project - Copy\server\node_modules\cors\lib\index.js:219:13
    at optionsCallback (C:\Users\USER\Downloads\project - Copy\server\node_modules\cors\lib\index.js:199:9)
    at corsMiddleware (C:\Users\USER\Downloads\project - Copy\server\node_modules\cors\lib\index.js:204:7)
    at Layer.handle [as handle_request] (C:\Users\USER\Downloads\project - Copy\server\node_modules\express\lib\router\layer.js:95:5)
    at trim_prefix (C:\Users\USER\Downloads\project - Copy\server\node_modules\express\lib\router\index.js:328:13)
    at C:\Users\USER\Downloads\project - Copy\server\node_modules\express\lib\router\index.js:286:9
    at Function.process_params (C:\Users\USER\Downloads\project - Copy\server\node_modules\express\lib\router\index.js:346:12)
    at next (C:\Users\USER\Downloads\project - Copy\server\node_modules\express\lib\router\index.js:280:10)
    at logger (C:\Users\USER\Downloads\project - Copy\server\node_modules\morgan\index.js:144:5)
2025-07-19 19:08:34 error: Error: The CORS policy for this site does not allow access from the specified Origin.
    at origin (C:\Users\USER\Downloads\project - Copy\server\src\index.js:44:23)
    at C:\Users\USER\Downloads\project - Copy\server\node_modules\cors\lib\index.js:219:13
    at optionsCallback (C:\Users\USER\Downloads\project - Copy\server\node_modules\cors\lib\index.js:199:9)
    at corsMiddleware (C:\Users\USER\Downloads\project - Copy\server\node_modules\cors\lib\index.js:204:7)
    at Layer.handle [as handle_request] (C:\Users\USER\Downloads\project - Copy\server\node_modules\express\lib\router\layer.js:95:5)
    at trim_prefix (C:\Users\USER\Downloads\project - Copy\server\node_modules\express\lib\router\index.js:328:13)
    at C:\Users\USER\Downloads\project - Copy\server\node_modules\express\lib\router\index.js:286:9
    at Function.process_params (C:\Users\USER\Downloads\project - Copy\server\node_modules\express\lib\router\index.js:346:12)
    at next (C:\Users\USER\Downloads\project - Copy\server\node_modules\express\lib\router\index.js:280:10)
    at logger (C:\Users\USER\Downloads\project - Copy\server\node_modules\morgan\index.js:144:5)
2025-07-19 23:34:42 info: Connected to MongoDB
2025-07-19 23:34:42 info: Server running on port 5000
2025-07-19 23:58:36 info: Connected to MongoDB
2025-07-19 23:58:36 info: Server running on port 5000
2025-07-19 23:58:51 info: Connected to MongoDB
2025-07-19 23:58:51 info: Server running on port 5000
2025-07-20 00:00:00 info: Running scheduled habit streak update
2025-07-20 00:00:00 info: Starting daily habit streak update
2025-07-20 00:00:00 info: Found 6 habits to check
2025-07-20 00:00:00 info: Daily streak update complete. Updated 6 habits, 0 streaks were broken
2025-07-20 00:00:00 info: Streak update completed: 6 habits updated, 0 streaks broken
2025-07-20 00:13:26 info: Connected to MongoDB
2025-07-20 00:13:27 info: Server running on port 5000
2025-07-20 00:13:45 info: Connected to MongoDB
2025-07-20 00:13:45 info: Server running on port 5000
2025-07-20 00:24:52 info: Connected to MongoDB
2025-07-20 00:24:53 info: Server running on port 5000
2025-07-20 00:25:08 info: Connected to MongoDB
2025-07-20 00:25:08 info: Server running on port 5000
2025-07-20 00:37:27 info: Connected to MongoDB
2025-07-20 00:37:27 info: Server running on port 5000
2025-07-20 02:02:52 error: Error: The CORS policy for this site does not allow access from the specified Origin.
    at origin (C:\Users\USER\Downloads\project - Copy\server\src\index.js:44:23)
    at C:\Users\USER\Downloads\project - Copy\server\node_modules\cors\lib\index.js:219:13
    at optionsCallback (C:\Users\USER\Downloads\project - Copy\server\node_modules\cors\lib\index.js:199:9)
    at corsMiddleware (C:\Users\USER\Downloads\project - Copy\server\node_modules\cors\lib\index.js:204:7)
    at Layer.handle [as handle_request] (C:\Users\USER\Downloads\project - Copy\server\node_modules\express\lib\router\layer.js:95:5)
    at trim_prefix (C:\Users\USER\Downloads\project - Copy\server\node_modules\express\lib\router\index.js:328:13)
    at C:\Users\USER\Downloads\project - Copy\server\node_modules\express\lib\router\index.js:286:9
    at Function.process_params (C:\Users\USER\Downloads\project - Copy\server\node_modules\express\lib\router\index.js:346:12)
    at next (C:\Users\USER\Downloads\project - Copy\server\node_modules\express\lib\router\index.js:280:10)
    at logger (C:\Users\USER\Downloads\project - Copy\server\node_modules\morgan\index.js:144:5)
2025-07-20 02:02:53 error: Error: The CORS policy for this site does not allow access from the specified Origin.
    at origin (C:\Users\USER\Downloads\project - Copy\server\src\index.js:44:23)
    at C:\Users\USER\Downloads\project - Copy\server\node_modules\cors\lib\index.js:219:13
    at optionsCallback (C:\Users\USER\Downloads\project - Copy\server\node_modules\cors\lib\index.js:199:9)
    at corsMiddleware (C:\Users\USER\Downloads\project - Copy\server\node_modules\cors\lib\index.js:204:7)
    at Layer.handle [as handle_request] (C:\Users\USER\Downloads\project - Copy\server\node_modules\express\lib\router\layer.js:95:5)
    at trim_prefix (C:\Users\USER\Downloads\project - Copy\server\node_modules\express\lib\router\index.js:328:13)
    at C:\Users\USER\Downloads\project - Copy\server\node_modules\express\lib\router\index.js:286:9
    at Function.process_params (C:\Users\USER\Downloads\project - Copy\server\node_modules\express\lib\router\index.js:346:12)
    at next (C:\Users\USER\Downloads\project - Copy\server\node_modules\express\lib\router\index.js:280:10)
    at logger (C:\Users\USER\Downloads\project - Copy\server\node_modules\morgan\index.js:144:5)
2025-07-20 02:02:54 error: Error: The CORS policy for this site does not allow access from the specified Origin.
    at origin (C:\Users\USER\Downloads\project - Copy\server\src\index.js:44:23)
    at C:\Users\USER\Downloads\project - Copy\server\node_modules\cors\lib\index.js:219:13
    at optionsCallback (C:\Users\USER\Downloads\project - Copy\server\node_modules\cors\lib\index.js:199:9)
    at corsMiddleware (C:\Users\USER\Downloads\project - Copy\server\node_modules\cors\lib\index.js:204:7)
    at Layer.handle [as handle_request] (C:\Users\USER\Downloads\project - Copy\server\node_modules\express\lib\router\layer.js:95:5)
    at trim_prefix (C:\Users\USER\Downloads\project - Copy\server\node_modules\express\lib\router\index.js:328:13)
    at C:\Users\USER\Downloads\project - Copy\server\node_modules\express\lib\router\index.js:286:9
    at Function.process_params (C:\Users\USER\Downloads\project - Copy\server\node_modules\express\lib\router\index.js:346:12)
    at next (C:\Users\USER\Downloads\project - Copy\server\node_modules\express\lib\router\index.js:280:10)
    at logger (C:\Users\USER\Downloads\project - Copy\server\node_modules\morgan\index.js:144:5)
2025-07-20 02:02:54 error: Error: The CORS policy for this site does not allow access from the specified Origin.
    at origin (C:\Users\USER\Downloads\project - Copy\server\src\index.js:44:23)
    at C:\Users\USER\Downloads\project - Copy\server\node_modules\cors\lib\index.js:219:13
    at optionsCallback (C:\Users\USER\Downloads\project - Copy\server\node_modules\cors\lib\index.js:199:9)
    at corsMiddleware (C:\Users\USER\Downloads\project - Copy\server\node_modules\cors\lib\index.js:204:7)
    at Layer.handle [as handle_request] (C:\Users\USER\Downloads\project - Copy\server\node_modules\express\lib\router\layer.js:95:5)
    at trim_prefix (C:\Users\USER\Downloads\project - Copy\server\node_modules\express\lib\router\index.js:328:13)
    at C:\Users\USER\Downloads\project - Copy\server\node_modules\express\lib\router\index.js:286:9
    at Function.process_params (C:\Users\USER\Downloads\project - Copy\server\node_modules\express\lib\router\index.js:346:12)
    at next (C:\Users\USER\Downloads\project - Copy\server\node_modules\express\lib\router\index.js:280:10)
    at logger (C:\Users\USER\Downloads\project - Copy\server\node_modules\morgan\index.js:144:5)
2025-07-20 02:02:54 error: Error: The CORS policy for this site does not allow access from the specified Origin.
    at origin (C:\Users\USER\Downloads\project - Copy\server\src\index.js:44:23)
    at C:\Users\USER\Downloads\project - Copy\server\node_modules\cors\lib\index.js:219:13
    at optionsCallback (C:\Users\USER\Downloads\project - Copy\server\node_modules\cors\lib\index.js:199:9)
    at corsMiddleware (C:\Users\USER\Downloads\project - Copy\server\node_modules\cors\lib\index.js:204:7)
    at Layer.handle [as handle_request] (C:\Users\USER\Downloads\project - Copy\server\node_modules\express\lib\router\layer.js:95:5)
    at trim_prefix (C:\Users\USER\Downloads\project - Copy\server\node_modules\express\lib\router\index.js:328:13)
    at C:\Users\USER\Downloads\project - Copy\server\node_modules\express\lib\router\index.js:286:9
    at Function.process_params (C:\Users\USER\Downloads\project - Copy\server\node_modules\express\lib\router\index.js:346:12)
    at next (C:\Users\USER\Downloads\project - Copy\server\node_modules\express\lib\router\index.js:280:10)
    at logger (C:\Users\USER\Downloads\project - Copy\server\node_modules\morgan\index.js:144:5)
2025-07-20 02:02:54 error: Error: The CORS policy for this site does not allow access from the specified Origin.
    at origin (C:\Users\USER\Downloads\project - Copy\server\src\index.js:44:23)
    at C:\Users\USER\Downloads\project - Copy\server\node_modules\cors\lib\index.js:219:13
    at optionsCallback (C:\Users\USER\Downloads\project - Copy\server\node_modules\cors\lib\index.js:199:9)
    at corsMiddleware (C:\Users\USER\Downloads\project - Copy\server\node_modules\cors\lib\index.js:204:7)
    at Layer.handle [as handle_request] (C:\Users\USER\Downloads\project - Copy\server\node_modules\express\lib\router\layer.js:95:5)
    at trim_prefix (C:\Users\USER\Downloads\project - Copy\server\node_modules\express\lib\router\index.js:328:13)
    at C:\Users\USER\Downloads\project - Copy\server\node_modules\express\lib\router\index.js:286:9
    at Function.process_params (C:\Users\USER\Downloads\project - Copy\server\node_modules\express\lib\router\index.js:346:12)
    at next (C:\Users\USER\Downloads\project - Copy\server\node_modules\express\lib\router\index.js:280:10)
    at logger (C:\Users\USER\Downloads\project - Copy\server\node_modules\morgan\index.js:144:5)
2025-07-20 02:02:55 error: Error: The CORS policy for this site does not allow access from the specified Origin.
    at origin (C:\Users\USER\Downloads\project - Copy\server\src\index.js:44:23)
    at C:\Users\USER\Downloads\project - Copy\server\node_modules\cors\lib\index.js:219:13
    at optionsCallback (C:\Users\USER\Downloads\project - Copy\server\node_modules\cors\lib\index.js:199:9)
    at corsMiddleware (C:\Users\USER\Downloads\project - Copy\server\node_modules\cors\lib\index.js:204:7)
    at Layer.handle [as handle_request] (C:\Users\USER\Downloads\project - Copy\server\node_modules\express\lib\router\layer.js:95:5)
    at trim_prefix (C:\Users\USER\Downloads\project - Copy\server\node_modules\express\lib\router\index.js:328:13)
    at C:\Users\USER\Downloads\project - Copy\server\node_modules\express\lib\router\index.js:286:9
    at Function.process_params (C:\Users\USER\Downloads\project - Copy\server\node_modules\express\lib\router\index.js:346:12)
    at next (C:\Users\USER\Downloads\project - Copy\server\node_modules\express\lib\router\index.js:280:10)
    at logger (C:\Users\USER\Downloads\project - Copy\server\node_modules\morgan\index.js:144:5)
2025-07-20 02:03:32 info: Connected to MongoDB
2025-07-20 02:03:32 error: Error: The CORS policy for this site does not allow access from the specified Origin.
    at origin (C:\Users\USER\Downloads\project - Copy\server\src\index.js:44:23)
    at C:\Users\USER\Downloads\project - Copy\server\node_modules\cors\lib\index.js:219:13
    at optionsCallback (C:\Users\USER\Downloads\project - Copy\server\node_modules\cors\lib\index.js:199:9)
    at corsMiddleware (C:\Users\USER\Downloads\project - Copy\server\node_modules\cors\lib\index.js:204:7)
    at Layer.handle [as handle_request] (C:\Users\USER\Downloads\project - Copy\server\node_modules\express\lib\router\layer.js:95:5)
    at trim_prefix (C:\Users\USER\Downloads\project - Copy\server\node_modules\express\lib\router\index.js:328:13)
    at C:\Users\USER\Downloads\project - Copy\server\node_modules\express\lib\router\index.js:286:9
    at Function.process_params (C:\Users\USER\Downloads\project - Copy\server\node_modules\express\lib\router\index.js:346:12)
    at next (C:\Users\USER\Downloads\project - Copy\server\node_modules\express\lib\router\index.js:280:10)
    at logger (C:\Users\USER\Downloads\project - Copy\server\node_modules\morgan\index.js:144:5)
2025-07-20 02:03:33 error: Error: The CORS policy for this site does not allow access from the specified Origin.
    at origin (C:\Users\USER\Downloads\project - Copy\server\src\index.js:44:23)
    at C:\Users\USER\Downloads\project - Copy\server\node_modules\cors\lib\index.js:219:13
    at optionsCallback (C:\Users\USER\Downloads\project - Copy\server\node_modules\cors\lib\index.js:199:9)
    at corsMiddleware (C:\Users\USER\Downloads\project - Copy\server\node_modules\cors\lib\index.js:204:7)
    at Layer.handle [as handle_request] (C:\Users\USER\Downloads\project - Copy\server\node_modules\express\lib\router\layer.js:95:5)
    at trim_prefix (C:\Users\USER\Downloads\project - Copy\server\node_modules\express\lib\router\index.js:328:13)
    at C:\Users\USER\Downloads\project - Copy\server\node_modules\express\lib\router\index.js:286:9
    at Function.process_params (C:\Users\USER\Downloads\project - Copy\server\node_modules\express\lib\router\index.js:346:12)
    at next (C:\Users\USER\Downloads\project - Copy\server\node_modules\express\lib\router\index.js:280:10)
    at logger (C:\Users\USER\Downloads\project - Copy\server\node_modules\morgan\index.js:144:5)
2025-07-20 02:03:33 error: Error: The CORS policy for this site does not allow access from the specified Origin.
    at origin (C:\Users\USER\Downloads\project - Copy\server\src\index.js:44:23)
    at C:\Users\USER\Downloads\project - Copy\server\node_modules\cors\lib\index.js:219:13
    at optionsCallback (C:\Users\USER\Downloads\project - Copy\server\node_modules\cors\lib\index.js:199:9)
    at corsMiddleware (C:\Users\USER\Downloads\project - Copy\server\node_modules\cors\lib\index.js:204:7)
    at Layer.handle [as handle_request] (C:\Users\USER\Downloads\project - Copy\server\node_modules\express\lib\router\layer.js:95:5)
    at trim_prefix (C:\Users\USER\Downloads\project - Copy\server\node_modules\express\lib\router\index.js:328:13)
    at C:\Users\USER\Downloads\project - Copy\server\node_modules\express\lib\router\index.js:286:9
    at Function.process_params (C:\Users\USER\Downloads\project - Copy\server\node_modules\express\lib\router\index.js:346:12)
    at next (C:\Users\USER\Downloads\project - Copy\server\node_modules\express\lib\router\index.js:280:10)
    at logger (C:\Users\USER\Downloads\project - Copy\server\node_modules\morgan\index.js:144:5)
2025-07-20 02:03:33 error: Error: The CORS policy for this site does not allow access from the specified Origin.
    at origin (C:\Users\USER\Downloads\project - Copy\server\src\index.js:44:23)
    at C:\Users\USER\Downloads\project - Copy\server\node_modules\cors\lib\index.js:219:13
    at optionsCallback (C:\Users\USER\Downloads\project - Copy\server\node_modules\cors\lib\index.js:199:9)
    at corsMiddleware (C:\Users\USER\Downloads\project - Copy\server\node_modules\cors\lib\index.js:204:7)
    at Layer.handle [as handle_request] (C:\Users\USER\Downloads\project - Copy\server\node_modules\express\lib\router\layer.js:95:5)
    at trim_prefix (C:\Users\USER\Downloads\project - Copy\server\node_modules\express\lib\router\index.js:328:13)
    at C:\Users\USER\Downloads\project - Copy\server\node_modules\express\lib\router\index.js:286:9
    at Function.process_params (C:\Users\USER\Downloads\project - Copy\server\node_modules\express\lib\router\index.js:346:12)
    at next (C:\Users\USER\Downloads\project - Copy\server\node_modules\express\lib\router\index.js:280:10)
    at logger (C:\Users\USER\Downloads\project - Copy\server\node_modules\morgan\index.js:144:5)
2025-07-20 02:03:33 error: Error: The CORS policy for this site does not allow access from the specified Origin.
    at origin (C:\Users\USER\Downloads\project - Copy\server\src\index.js:44:23)
    at C:\Users\USER\Downloads\project - Copy\server\node_modules\cors\lib\index.js:219:13
    at optionsCallback (C:\Users\USER\Downloads\project - Copy\server\node_modules\cors\lib\index.js:199:9)
    at corsMiddleware (C:\Users\USER\Downloads\project - Copy\server\node_modules\cors\lib\index.js:204:7)
    at Layer.handle [as handle_request] (C:\Users\USER\Downloads\project - Copy\server\node_modules\express\lib\router\layer.js:95:5)
    at trim_prefix (C:\Users\USER\Downloads\project - Copy\server\node_modules\express\lib\router\index.js:328:13)
    at C:\Users\USER\Downloads\project - Copy\server\node_modules\express\lib\router\index.js:286:9
    at Function.process_params (C:\Users\USER\Downloads\project - Copy\server\node_modules\express\lib\router\index.js:346:12)
    at next (C:\Users\USER\Downloads\project - Copy\server\node_modules\express\lib\router\index.js:280:10)
    at logger (C:\Users\USER\Downloads\project - Copy\server\node_modules\morgan\index.js:144:5)
2025-07-20 02:03:34 error: Error: The CORS policy for this site does not allow access from the specified Origin.
    at origin (C:\Users\USER\Downloads\project - Copy\server\src\index.js:44:23)
    at C:\Users\USER\Downloads\project - Copy\server\node_modules\cors\lib\index.js:219:13
    at optionsCallback (C:\Users\USER\Downloads\project - Copy\server\node_modules\cors\lib\index.js:199:9)
    at corsMiddleware (C:\Users\USER\Downloads\project - Copy\server\node_modules\cors\lib\index.js:204:7)
    at Layer.handle [as handle_request] (C:\Users\USER\Downloads\project - Copy\server\node_modules\express\lib\router\layer.js:95:5)
    at trim_prefix (C:\Users\USER\Downloads\project - Copy\server\node_modules\express\lib\router\index.js:328:13)
    at C:\Users\USER\Downloads\project - Copy\server\node_modules\express\lib\router\index.js:286:9
    at Function.process_params (C:\Users\USER\Downloads\project - Copy\server\node_modules\express\lib\router\index.js:346:12)
    at next (C:\Users\USER\Downloads\project - Copy\server\node_modules\express\lib\router\index.js:280:10)
    at logger (C:\Users\USER\Downloads\project - Copy\server\node_modules\morgan\index.js:144:5)
2025-07-20 02:03:35 error: Error: The CORS policy for this site does not allow access from the specified Origin.
    at origin (C:\Users\USER\Downloads\project - Copy\server\src\index.js:44:23)
    at C:\Users\USER\Downloads\project - Copy\server\node_modules\cors\lib\index.js:219:13
    at optionsCallback (C:\Users\USER\Downloads\project - Copy\server\node_modules\cors\lib\index.js:199:9)
    at corsMiddleware (C:\Users\USER\Downloads\project - Copy\server\node_modules\cors\lib\index.js:204:7)
    at Layer.handle [as handle_request] (C:\Users\USER\Downloads\project - Copy\server\node_modules\express\lib\router\layer.js:95:5)
    at trim_prefix (C:\Users\USER\Downloads\project - Copy\server\node_modules\express\lib\router\index.js:328:13)
    at C:\Users\USER\Downloads\project - Copy\server\node_modules\express\lib\router\index.js:286:9
    at Function.process_params (C:\Users\USER\Downloads\project - Copy\server\node_modules\express\lib\router\index.js:346:12)
    at next (C:\Users\USER\Downloads\project - Copy\server\node_modules\express\lib\router\index.js:280:10)
    at logger (C:\Users\USER\Downloads\project - Copy\server\node_modules\morgan\index.js:144:5)
2025-07-20 02:03:35 error: Error: The CORS policy for this site does not allow access from the specified Origin.
    at origin (C:\Users\USER\Downloads\project - Copy\server\src\index.js:44:23)
    at C:\Users\USER\Downloads\project - Copy\server\node_modules\cors\lib\index.js:219:13
    at optionsCallback (C:\Users\USER\Downloads\project - Copy\server\node_modules\cors\lib\index.js:199:9)
    at corsMiddleware (C:\Users\USER\Downloads\project - Copy\server\node_modules\cors\lib\index.js:204:7)
    at Layer.handle [as handle_request] (C:\Users\USER\Downloads\project - Copy\server\node_modules\express\lib\router\layer.js:95:5)
    at trim_prefix (C:\Users\USER\Downloads\project - Copy\server\node_modules\express\lib\router\index.js:328:13)
    at C:\Users\USER\Downloads\project - Copy\server\node_modules\express\lib\router\index.js:286:9
    at Function.process_params (C:\Users\USER\Downloads\project - Copy\server\node_modules\express\lib\router\index.js:346:12)
    at next (C:\Users\USER\Downloads\project - Copy\server\node_modules\express\lib\router\index.js:280:10)
    at logger (C:\Users\USER\Downloads\project - Copy\server\node_modules\morgan\index.js:144:5)
2025-07-20 02:03:36 error: Error: The CORS policy for this site does not allow access from the specified Origin.
    at origin (C:\Users\USER\Downloads\project - Copy\server\src\index.js:44:23)
    at C:\Users\USER\Downloads\project - Copy\server\node_modules\cors\lib\index.js:219:13
    at optionsCallback (C:\Users\USER\Downloads\project - Copy\server\node_modules\cors\lib\index.js:199:9)
    at corsMiddleware (C:\Users\USER\Downloads\project - Copy\server\node_modules\cors\lib\index.js:204:7)
    at Layer.handle [as handle_request] (C:\Users\USER\Downloads\project - Copy\server\node_modules\express\lib\router\layer.js:95:5)
    at trim_prefix (C:\Users\USER\Downloads\project - Copy\server\node_modules\express\lib\router\index.js:328:13)
    at C:\Users\USER\Downloads\project - Copy\server\node_modules\express\lib\router\index.js:286:9
    at Function.process_params (C:\Users\USER\Downloads\project - Copy\server\node_modules\express\lib\router\index.js:346:12)
    at next (C:\Users\USER\Downloads\project - Copy\server\node_modules\express\lib\router\index.js:280:10)
    at logger (C:\Users\USER\Downloads\project - Copy\server\node_modules\morgan\index.js:144:5)
2025-07-20 02:03:55 error: Error: The CORS policy for this site does not allow access from the specified Origin.
    at origin (C:\Users\USER\Downloads\project - Copy\server\src\index.js:44:23)
    at C:\Users\USER\Downloads\project - Copy\server\node_modules\cors\lib\index.js:219:13
    at optionsCallback (C:\Users\USER\Downloads\project - Copy\server\node_modules\cors\lib\index.js:199:9)
    at corsMiddleware (C:\Users\USER\Downloads\project - Copy\server\node_modules\cors\lib\index.js:204:7)
    at Layer.handle [as handle_request] (C:\Users\USER\Downloads\project - Copy\server\node_modules\express\lib\router\layer.js:95:5)
    at trim_prefix (C:\Users\USER\Downloads\project - Copy\server\node_modules\express\lib\router\index.js:328:13)
    at C:\Users\USER\Downloads\project - Copy\server\node_modules\express\lib\router\index.js:286:9
    at Function.process_params (C:\Users\USER\Downloads\project - Copy\server\node_modules\express\lib\router\index.js:346:12)
    at next (C:\Users\USER\Downloads\project - Copy\server\node_modules\express\lib\router\index.js:280:10)
    at logger (C:\Users\USER\Downloads\project - Copy\server\node_modules\morgan\index.js:144:5)
2025-07-20 02:03:56 error: Error: The CORS policy for this site does not allow access from the specified Origin.
    at origin (C:\Users\USER\Downloads\project - Copy\server\src\index.js:44:23)
    at C:\Users\USER\Downloads\project - Copy\server\node_modules\cors\lib\index.js:219:13
    at optionsCallback (C:\Users\USER\Downloads\project - Copy\server\node_modules\cors\lib\index.js:199:9)
    at corsMiddleware (C:\Users\USER\Downloads\project - Copy\server\node_modules\cors\lib\index.js:204:7)
    at Layer.handle [as handle_request] (C:\Users\USER\Downloads\project - Copy\server\node_modules\express\lib\router\layer.js:95:5)
    at trim_prefix (C:\Users\USER\Downloads\project - Copy\server\node_modules\express\lib\router\index.js:328:13)
    at C:\Users\USER\Downloads\project - Copy\server\node_modules\express\lib\router\index.js:286:9
    at Function.process_params (C:\Users\USER\Downloads\project - Copy\server\node_modules\express\lib\router\index.js:346:12)
    at next (C:\Users\USER\Downloads\project - Copy\server\node_modules\express\lib\router\index.js:280:10)
    at logger (C:\Users\USER\Downloads\project - Copy\server\node_modules\morgan\index.js:144:5)
2025-07-20 02:03:56 error: Error: The CORS policy for this site does not allow access from the specified Origin.
    at origin (C:\Users\USER\Downloads\project - Copy\server\src\index.js:44:23)
    at C:\Users\USER\Downloads\project - Copy\server\node_modules\cors\lib\index.js:219:13
    at optionsCallback (C:\Users\USER\Downloads\project - Copy\server\node_modules\cors\lib\index.js:199:9)
    at corsMiddleware (C:\Users\USER\Downloads\project - Copy\server\node_modules\cors\lib\index.js:204:7)
    at Layer.handle [as handle_request] (C:\Users\USER\Downloads\project - Copy\server\node_modules\express\lib\router\layer.js:95:5)
    at trim_prefix (C:\Users\USER\Downloads\project - Copy\server\node_modules\express\lib\router\index.js:328:13)
    at C:\Users\USER\Downloads\project - Copy\server\node_modules\express\lib\router\index.js:286:9
    at Function.process_params (C:\Users\USER\Downloads\project - Copy\server\node_modules\express\lib\router\index.js:346:12)
    at next (C:\Users\USER\Downloads\project - Copy\server\node_modules\express\lib\router\index.js:280:10)
    at logger (C:\Users\USER\Downloads\project - Copy\server\node_modules\morgan\index.js:144:5)
2025-07-20 02:03:56 error: Error: The CORS policy for this site does not allow access from the specified Origin.
    at origin (C:\Users\USER\Downloads\project - Copy\server\src\index.js:44:23)
    at C:\Users\USER\Downloads\project - Copy\server\node_modules\cors\lib\index.js:219:13
    at optionsCallback (C:\Users\USER\Downloads\project - Copy\server\node_modules\cors\lib\index.js:199:9)
    at corsMiddleware (C:\Users\USER\Downloads\project - Copy\server\node_modules\cors\lib\index.js:204:7)
    at Layer.handle [as handle_request] (C:\Users\USER\Downloads\project - Copy\server\node_modules\express\lib\router\layer.js:95:5)
    at trim_prefix (C:\Users\USER\Downloads\project - Copy\server\node_modules\express\lib\router\index.js:328:13)
    at C:\Users\USER\Downloads\project - Copy\server\node_modules\express\lib\router\index.js:286:9
    at Function.process_params (C:\Users\USER\Downloads\project - Copy\server\node_modules\express\lib\router\index.js:346:12)
    at next (C:\Users\USER\Downloads\project - Copy\server\node_modules\express\lib\router\index.js:280:10)
    at logger (C:\Users\USER\Downloads\project - Copy\server\node_modules\morgan\index.js:144:5)
2025-07-20 02:03:56 error: Error: The CORS policy for this site does not allow access from the specified Origin.
    at origin (C:\Users\USER\Downloads\project - Copy\server\src\index.js:44:23)
    at C:\Users\USER\Downloads\project - Copy\server\node_modules\cors\lib\index.js:219:13
    at optionsCallback (C:\Users\USER\Downloads\project - Copy\server\node_modules\cors\lib\index.js:199:9)
    at corsMiddleware (C:\Users\USER\Downloads\project - Copy\server\node_modules\cors\lib\index.js:204:7)
    at Layer.handle [as handle_request] (C:\Users\USER\Downloads\project - Copy\server\node_modules\express\lib\router\layer.js:95:5)
    at trim_prefix (C:\Users\USER\Downloads\project - Copy\server\node_modules\express\lib\router\index.js:328:13)
    at C:\Users\USER\Downloads\project - Copy\server\node_modules\express\lib\router\index.js:286:9
    at Function.process_params (C:\Users\USER\Downloads\project - Copy\server\node_modules\express\lib\router\index.js:346:12)
    at next (C:\Users\USER\Downloads\project - Copy\server\node_modules\express\lib\router\index.js:280:10)
    at logger (C:\Users\USER\Downloads\project - Copy\server\node_modules\morgan\index.js:144:5)
2025-07-20 02:03:56 error: Error: The CORS policy for this site does not allow access from the specified Origin.
    at origin (C:\Users\USER\Downloads\project - Copy\server\src\index.js:44:23)
    at C:\Users\USER\Downloads\project - Copy\server\node_modules\cors\lib\index.js:219:13
    at optionsCallback (C:\Users\USER\Downloads\project - Copy\server\node_modules\cors\lib\index.js:199:9)
    at corsMiddleware (C:\Users\USER\Downloads\project - Copy\server\node_modules\cors\lib\index.js:204:7)
    at Layer.handle [as handle_request] (C:\Users\USER\Downloads\project - Copy\server\node_modules\express\lib\router\layer.js:95:5)
    at trim_prefix (C:\Users\USER\Downloads\project - Copy\server\node_modules\express\lib\router\index.js:328:13)
    at C:\Users\USER\Downloads\project - Copy\server\node_modules\express\lib\router\index.js:286:9
    at Function.process_params (C:\Users\USER\Downloads\project - Copy\server\node_modules\express\lib\router\index.js:346:12)
    at next (C:\Users\USER\Downloads\project - Copy\server\node_modules\express\lib\router\index.js:280:10)
    at logger (C:\Users\USER\Downloads\project - Copy\server\node_modules\morgan\index.js:144:5)
2025-07-20 02:03:57 error: Error: The CORS policy for this site does not allow access from the specified Origin.
    at origin (C:\Users\USER\Downloads\project - Copy\server\src\index.js:44:23)
    at C:\Users\USER\Downloads\project - Copy\server\node_modules\cors\lib\index.js:219:13
    at optionsCallback (C:\Users\USER\Downloads\project - Copy\server\node_modules\cors\lib\index.js:199:9)
    at corsMiddleware (C:\Users\USER\Downloads\project - Copy\server\node_modules\cors\lib\index.js:204:7)
    at Layer.handle [as handle_request] (C:\Users\USER\Downloads\project - Copy\server\node_modules\express\lib\router\layer.js:95:5)
    at trim_prefix (C:\Users\USER\Downloads\project - Copy\server\node_modules\express\lib\router\index.js:328:13)
    at C:\Users\USER\Downloads\project - Copy\server\node_modules\express\lib\router\index.js:286:9
    at Function.process_params (C:\Users\USER\Downloads\project - Copy\server\node_modules\express\lib\router\index.js:346:12)
    at next (C:\Users\USER\Downloads\project - Copy\server\node_modules\express\lib\router\index.js:280:10)
    at logger (C:\Users\USER\Downloads\project - Copy\server\node_modules\morgan\index.js:144:5)
2025-07-20 02:03:57 error: Error: The CORS policy for this site does not allow access from the specified Origin.
    at origin (C:\Users\USER\Downloads\project - Copy\server\src\index.js:44:23)
    at C:\Users\USER\Downloads\project - Copy\server\node_modules\cors\lib\index.js:219:13
    at optionsCallback (C:\Users\USER\Downloads\project - Copy\server\node_modules\cors\lib\index.js:199:9)
    at corsMiddleware (C:\Users\USER\Downloads\project - Copy\server\node_modules\cors\lib\index.js:204:7)
    at Layer.handle [as handle_request] (C:\Users\USER\Downloads\project - Copy\server\node_modules\express\lib\router\layer.js:95:5)
    at trim_prefix (C:\Users\USER\Downloads\project - Copy\server\node_modules\express\lib\router\index.js:328:13)
    at C:\Users\USER\Downloads\project - Copy\server\node_modules\express\lib\router\index.js:286:9
    at Function.process_params (C:\Users\USER\Downloads\project - Copy\server\node_modules\express\lib\router\index.js:346:12)
    at next (C:\Users\USER\Downloads\project - Copy\server\node_modules\express\lib\router\index.js:280:10)
    at logger (C:\Users\USER\Downloads\project - Copy\server\node_modules\morgan\index.js:144:5)
2025-07-20 02:03:57 error: Error: The CORS policy for this site does not allow access from the specified Origin.
    at origin (C:\Users\USER\Downloads\project - Copy\server\src\index.js:44:23)
    at C:\Users\USER\Downloads\project - Copy\server\node_modules\cors\lib\index.js:219:13
    at optionsCallback (C:\Users\USER\Downloads\project - Copy\server\node_modules\cors\lib\index.js:199:9)
    at corsMiddleware (C:\Users\USER\Downloads\project - Copy\server\node_modules\cors\lib\index.js:204:7)
    at Layer.handle [as handle_request] (C:\Users\USER\Downloads\project - Copy\server\node_modules\express\lib\router\layer.js:95:5)
    at trim_prefix (C:\Users\USER\Downloads\project - Copy\server\node_modules\express\lib\router\index.js:328:13)
    at C:\Users\USER\Downloads\project - Copy\server\node_modules\express\lib\router\index.js:286:9
    at Function.process_params (C:\Users\USER\Downloads\project - Copy\server\node_modules\express\lib\router\index.js:346:12)
    at next (C:\Users\USER\Downloads\project - Copy\server\node_modules\express\lib\router\index.js:280:10)
    at logger (C:\Users\USER\Downloads\project - Copy\server\node_modules\morgan\index.js:144:5)
2025-07-20 02:04:02 info: Connected to MongoDB
2025-07-20 02:04:02 info: Server running on port 5000
2025-07-20 02:04:02 info: Connected to MongoDB
2025-07-20 12:46:15 info: Connected to MongoDB
2025-07-20 12:46:15 info: Server running on port 5000
2025-07-20 22:19:47 info: Connected to MongoDB
2025-07-20 22:19:47 info: Server running on port 5000
2025-07-24 13:06:49 info: Connected to MongoDB
2025-07-24 13:06:49 info: Server running on port 5000
2025-07-24 13:09:36 error: Error: The CORS policy for this site does not allow access from the specified Origin.
    at origin (C:\Users\USER\Downloads\project - Copy\server\src\index.js:44:23)
    at C:\Users\USER\Downloads\project - Copy\server\node_modules\cors\lib\index.js:219:13
    at optionsCallback (C:\Users\USER\Downloads\project - Copy\server\node_modules\cors\lib\index.js:199:9)
    at corsMiddleware (C:\Users\USER\Downloads\project - Copy\server\node_modules\cors\lib\index.js:204:7)
    at Layer.handle [as handle_request] (C:\Users\USER\Downloads\project - Copy\server\node_modules\express\lib\router\layer.js:95:5)
    at trim_prefix (C:\Users\USER\Downloads\project - Copy\server\node_modules\express\lib\router\index.js:328:13)
    at C:\Users\USER\Downloads\project - Copy\server\node_modules\express\lib\router\index.js:286:9
    at Function.process_params (C:\Users\USER\Downloads\project - Copy\server\node_modules\express\lib\router\index.js:346:12)
    at next (C:\Users\USER\Downloads\project - Copy\server\node_modules\express\lib\router\index.js:280:10)
    at logger (C:\Users\USER\Downloads\project - Copy\server\node_modules\morgan\index.js:144:5)
2025-07-24 13:09:43 error: Error: The CORS policy for this site does not allow access from the specified Origin.
    at origin (C:\Users\USER\Downloads\project - Copy\server\src\index.js:44:23)
    at C:\Users\USER\Downloads\project - Copy\server\node_modules\cors\lib\index.js:219:13
    at optionsCallback (C:\Users\USER\Downloads\project - Copy\server\node_modules\cors\lib\index.js:199:9)
    at corsMiddleware (C:\Users\USER\Downloads\project - Copy\server\node_modules\cors\lib\index.js:204:7)
    at Layer.handle [as handle_request] (C:\Users\USER\Downloads\project - Copy\server\node_modules\express\lib\router\layer.js:95:5)
    at trim_prefix (C:\Users\USER\Downloads\project - Copy\server\node_modules\express\lib\router\index.js:328:13)
    at C:\Users\USER\Downloads\project - Copy\server\node_modules\express\lib\router\index.js:286:9
    at Function.process_params (C:\Users\USER\Downloads\project - Copy\server\node_modules\express\lib\router\index.js:346:12)
    at next (C:\Users\USER\Downloads\project - Copy\server\node_modules\express\lib\router\index.js:280:10)
    at logger (C:\Users\USER\Downloads\project - Copy\server\node_modules\morgan\index.js:144:5)
2025-07-24 18:21:43 info: Connected to MongoDB
2025-07-24 18:21:43 info: Server running on port 5000
2025-07-24 21:30:51 info: Connected to MongoDB
2025-07-24 21:30:51 info: Server running on port 5000
2025-07-25 00:00:00 info: Running scheduled habit streak update
2025-07-25 00:00:00 info: Starting daily habit streak update
2025-07-25 00:00:43 error: Error in daily habit streak update: connect ETIMEDOUT 159.143.11.155:27017
2025-07-25 00:00:43 error: Error in scheduled streak update: connect ETIMEDOUT 159.143.11.155:27017
2025-07-25 00:05:24 info: Connected to MongoDB
2025-07-25 00:05:24 info: Server running on port 5000
2025-07-25 00:31:18 info: Connected to MongoDB
2025-07-25 00:31:18 info: Server running on port 5000
2025-07-26 00:14:16 info: Connected to MongoDB
2025-07-26 00:14:16 info: Server running on port 5000
