2025-07-19 12:23:54 error: Error: The CORS policy for this site does not allow access from the specified Origin.
    at origin (C:\Users\USER\Downloads\project - Copy\server\src\index.js:44:23)
    at C:\Users\USER\Downloads\project - Copy\server\node_modules\cors\lib\index.js:219:13
    at optionsCallback (C:\Users\USER\Downloads\project - Copy\server\node_modules\cors\lib\index.js:199:9)
    at corsMiddleware (C:\Users\USER\Downloads\project - Copy\server\node_modules\cors\lib\index.js:204:7)
    at Layer.handle [as handle_request] (C:\Users\USER\Downloads\project - Copy\server\node_modules\express\lib\router\layer.js:95:5)
    at trim_prefix (C:\Users\USER\Downloads\project - Copy\server\node_modules\express\lib\router\index.js:328:13)
    at C:\Users\USER\Downloads\project - Copy\server\node_modules\express\lib\router\index.js:286:9
    at Function.process_params (C:\Users\USER\Downloads\project - Copy\server\node_modules\express\lib\router\index.js:346:12)
    at next (C:\Users\USER\Downloads\project - Copy\server\node_modules\express\lib\router\index.js:280:10)
    at logger (C:\Users\USER\Downloads\project - Copy\server\node_modules\morgan\index.js:144:5)
2025-07-19 12:23:55 error: Error: The CORS policy for this site does not allow access from the specified Origin.
    at origin (C:\Users\USER\Downloads\project - Copy\server\src\index.js:44:23)
    at C:\Users\USER\Downloads\project - Copy\server\node_modules\cors\lib\index.js:219:13
    at optionsCallback (C:\Users\USER\Downloads\project - Copy\server\node_modules\cors\lib\index.js:199:9)
    at corsMiddleware (C:\Users\USER\Downloads\project - Copy\server\node_modules\cors\lib\index.js:204:7)
    at Layer.handle [as handle_request] (C:\Users\USER\Downloads\project - Copy\server\node_modules\express\lib\router\layer.js:95:5)
    at trim_prefix (C:\Users\USER\Downloads\project - Copy\server\node_modules\express\lib\router\index.js:328:13)
    at C:\Users\USER\Downloads\project - Copy\server\node_modules\express\lib\router\index.js:286:9
    at Function.process_params (C:\Users\USER\Downloads\project - Copy\server\node_modules\express\lib\router\index.js:346:12)
    at next (C:\Users\USER\Downloads\project - Copy\server\node_modules\express\lib\router\index.js:280:10)
    at logger (C:\Users\USER\Downloads\project - Copy\server\node_modules\morgan\index.js:144:5)
2025-07-19 12:23:59 error: Error: The CORS policy for this site does not allow access from the specified Origin.
    at origin (C:\Users\USER\Downloads\project - Copy\server\src\index.js:44:23)
    at C:\Users\USER\Downloads\project - Copy\server\node_modules\cors\lib\index.js:219:13
    at optionsCallback (C:\Users\USER\Downloads\project - Copy\server\node_modules\cors\lib\index.js:199:9)
    at corsMiddleware (C:\Users\USER\Downloads\project - Copy\server\node_modules\cors\lib\index.js:204:7)
    at Layer.handle [as handle_request] (C:\Users\USER\Downloads\project - Copy\server\node_modules\express\lib\router\layer.js:95:5)
    at trim_prefix (C:\Users\USER\Downloads\project - Copy\server\node_modules\express\lib\router\index.js:328:13)
    at C:\Users\USER\Downloads\project - Copy\server\node_modules\express\lib\router\index.js:286:9
    at Function.process_params (C:\Users\USER\Downloads\project - Copy\server\node_modules\express\lib\router\index.js:346:12)
    at next (C:\Users\USER\Downloads\project - Copy\server\node_modules\express\lib\router\index.js:280:10)
    at logger (C:\Users\USER\Downloads\project - Copy\server\node_modules\morgan\index.js:144:5)
2025-07-19 12:24:01 error: Error: The CORS policy for this site does not allow access from the specified Origin.
    at origin (C:\Users\USER\Downloads\project - Copy\server\src\index.js:44:23)
    at C:\Users\USER\Downloads\project - Copy\server\node_modules\cors\lib\index.js:219:13
    at optionsCallback (C:\Users\USER\Downloads\project - Copy\server\node_modules\cors\lib\index.js:199:9)
    at corsMiddleware (C:\Users\USER\Downloads\project - Copy\server\node_modules\cors\lib\index.js:204:7)
    at Layer.handle [as handle_request] (C:\Users\USER\Downloads\project - Copy\server\node_modules\express\lib\router\layer.js:95:5)
    at trim_prefix (C:\Users\USER\Downloads\project - Copy\server\node_modules\express\lib\router\index.js:328:13)
    at C:\Users\USER\Downloads\project - Copy\server\node_modules\express\lib\router\index.js:286:9
    at Function.process_params (C:\Users\USER\Downloads\project - Copy\server\node_modules\express\lib\router\index.js:346:12)
    at next (C:\Users\USER\Downloads\project - Copy\server\node_modules\express\lib\router\index.js:280:10)
    at logger (C:\Users\USER\Downloads\project - Copy\server\node_modules\morgan\index.js:144:5)
2025-07-19 12:24:01 error: Error: The CORS policy for this site does not allow access from the specified Origin.
    at origin (C:\Users\USER\Downloads\project - Copy\server\src\index.js:44:23)
    at C:\Users\USER\Downloads\project - Copy\server\node_modules\cors\lib\index.js:219:13
    at optionsCallback (C:\Users\USER\Downloads\project - Copy\server\node_modules\cors\lib\index.js:199:9)
    at corsMiddleware (C:\Users\USER\Downloads\project - Copy\server\node_modules\cors\lib\index.js:204:7)
    at Layer.handle [as handle_request] (C:\Users\USER\Downloads\project - Copy\server\node_modules\express\lib\router\layer.js:95:5)
    at trim_prefix (C:\Users\USER\Downloads\project - Copy\server\node_modules\express\lib\router\index.js:328:13)
    at C:\Users\USER\Downloads\project - Copy\server\node_modules\express\lib\router\index.js:286:9
    at Function.process_params (C:\Users\USER\Downloads\project - Copy\server\node_modules\express\lib\router\index.js:346:12)
    at next (C:\Users\USER\Downloads\project - Copy\server\node_modules\express\lib\router\index.js:280:10)
    at logger (C:\Users\USER\Downloads\project - Copy\server\node_modules\morgan\index.js:144:5)
2025-07-19 19:07:00 error: Error: The CORS policy for this site does not allow access from the specified Origin.
    at origin (C:\Users\USER\Downloads\project - Copy\server\src\index.js:44:23)
    at C:\Users\USER\Downloads\project - Copy\server\node_modules\cors\lib\index.js:219:13
    at optionsCallback (C:\Users\USER\Downloads\project - Copy\server\node_modules\cors\lib\index.js:199:9)
    at corsMiddleware (C:\Users\USER\Downloads\project - Copy\server\node_modules\cors\lib\index.js:204:7)
    at Layer.handle [as handle_request] (C:\Users\USER\Downloads\project - Copy\server\node_modules\express\lib\router\layer.js:95:5)
    at trim_prefix (C:\Users\USER\Downloads\project - Copy\server\node_modules\express\lib\router\index.js:328:13)
    at C:\Users\USER\Downloads\project - Copy\server\node_modules\express\lib\router\index.js:286:9
    at Function.process_params (C:\Users\USER\Downloads\project - Copy\server\node_modules\express\lib\router\index.js:346:12)
    at next (C:\Users\USER\Downloads\project - Copy\server\node_modules\express\lib\router\index.js:280:10)
    at logger (C:\Users\USER\Downloads\project - Copy\server\node_modules\morgan\index.js:144:5)
2025-07-19 19:07:00 error: Error: The CORS policy for this site does not allow access from the specified Origin.
    at origin (C:\Users\USER\Downloads\project - Copy\server\src\index.js:44:23)
    at C:\Users\USER\Downloads\project - Copy\server\node_modules\cors\lib\index.js:219:13
    at optionsCallback (C:\Users\USER\Downloads\project - Copy\server\node_modules\cors\lib\index.js:199:9)
    at corsMiddleware (C:\Users\USER\Downloads\project - Copy\server\node_modules\cors\lib\index.js:204:7)
    at Layer.handle [as handle_request] (C:\Users\USER\Downloads\project - Copy\server\node_modules\express\lib\router\layer.js:95:5)
    at trim_prefix (C:\Users\USER\Downloads\project - Copy\server\node_modules\express\lib\router\index.js:328:13)
    at C:\Users\USER\Downloads\project - Copy\server\node_modules\express\lib\router\index.js:286:9
    at Function.process_params (C:\Users\USER\Downloads\project - Copy\server\node_modules\express\lib\router\index.js:346:12)
    at next (C:\Users\USER\Downloads\project - Copy\server\node_modules\express\lib\router\index.js:280:10)
    at logger (C:\Users\USER\Downloads\project - Copy\server\node_modules\morgan\index.js:144:5)
2025-07-19 19:07:00 error: Error: The CORS policy for this site does not allow access from the specified Origin.
    at origin (C:\Users\USER\Downloads\project - Copy\server\src\index.js:44:23)
    at C:\Users\USER\Downloads\project - Copy\server\node_modules\cors\lib\index.js:219:13
    at optionsCallback (C:\Users\USER\Downloads\project - Copy\server\node_modules\cors\lib\index.js:199:9)
    at corsMiddleware (C:\Users\USER\Downloads\project - Copy\server\node_modules\cors\lib\index.js:204:7)
    at Layer.handle [as handle_request] (C:\Users\USER\Downloads\project - Copy\server\node_modules\express\lib\router\layer.js:95:5)
    at trim_prefix (C:\Users\USER\Downloads\project - Copy\server\node_modules\express\lib\router\index.js:328:13)
    at C:\Users\USER\Downloads\project - Copy\server\node_modules\express\lib\router\index.js:286:9
    at Function.process_params (C:\Users\USER\Downloads\project - Copy\server\node_modules\express\lib\router\index.js:346:12)
    at next (C:\Users\USER\Downloads\project - Copy\server\node_modules\express\lib\router\index.js:280:10)
    at logger (C:\Users\USER\Downloads\project - Copy\server\node_modules\morgan\index.js:144:5)
2025-07-19 19:07:00 error: Error: The CORS policy for this site does not allow access from the specified Origin.
    at origin (C:\Users\USER\Downloads\project - Copy\server\src\index.js:44:23)
    at C:\Users\USER\Downloads\project - Copy\server\node_modules\cors\lib\index.js:219:13
    at optionsCallback (C:\Users\USER\Downloads\project - Copy\server\node_modules\cors\lib\index.js:199:9)
    at corsMiddleware (C:\Users\USER\Downloads\project - Copy\server\node_modules\cors\lib\index.js:204:7)
    at Layer.handle [as handle_request] (C:\Users\USER\Downloads\project - Copy\server\node_modules\express\lib\router\layer.js:95:5)
    at trim_prefix (C:\Users\USER\Downloads\project - Copy\server\node_modules\express\lib\router\index.js:328:13)
    at C:\Users\USER\Downloads\project - Copy\server\node_modules\express\lib\router\index.js:286:9
    at Function.process_params (C:\Users\USER\Downloads\project - Copy\server\node_modules\express\lib\router\index.js:346:12)
    at next (C:\Users\USER\Downloads\project - Copy\server\node_modules\express\lib\router\index.js:280:10)
    at logger (C:\Users\USER\Downloads\project - Copy\server\node_modules\morgan\index.js:144:5)
2025-07-19 19:07:00 error: Error: The CORS policy for this site does not allow access from the specified Origin.
    at origin (C:\Users\USER\Downloads\project - Copy\server\src\index.js:44:23)
    at C:\Users\USER\Downloads\project - Copy\server\node_modules\cors\lib\index.js:219:13
    at optionsCallback (C:\Users\USER\Downloads\project - Copy\server\node_modules\cors\lib\index.js:199:9)
    at corsMiddleware (C:\Users\USER\Downloads\project - Copy\server\node_modules\cors\lib\index.js:204:7)
    at Layer.handle [as handle_request] (C:\Users\USER\Downloads\project - Copy\server\node_modules\express\lib\router\layer.js:95:5)
    at trim_prefix (C:\Users\USER\Downloads\project - Copy\server\node_modules\express\lib\router\index.js:328:13)
    at C:\Users\USER\Downloads\project - Copy\server\node_modules\express\lib\router\index.js:286:9
    at Function.process_params (C:\Users\USER\Downloads\project - Copy\server\node_modules\express\lib\router\index.js:346:12)
    at next (C:\Users\USER\Downloads\project - Copy\server\node_modules\express\lib\router\index.js:280:10)
    at logger (C:\Users\USER\Downloads\project - Copy\server\node_modules\morgan\index.js:144:5)
2025-07-19 19:07:00 error: Error: The CORS policy for this site does not allow access from the specified Origin.
    at origin (C:\Users\USER\Downloads\project - Copy\server\src\index.js:44:23)
    at C:\Users\USER\Downloads\project - Copy\server\node_modules\cors\lib\index.js:219:13
    at optionsCallback (C:\Users\USER\Downloads\project - Copy\server\node_modules\cors\lib\index.js:199:9)
    at corsMiddleware (C:\Users\USER\Downloads\project - Copy\server\node_modules\cors\lib\index.js:204:7)
    at Layer.handle [as handle_request] (C:\Users\USER\Downloads\project - Copy\server\node_modules\express\lib\router\layer.js:95:5)
    at trim_prefix (C:\Users\USER\Downloads\project - Copy\server\node_modules\express\lib\router\index.js:328:13)
    at C:\Users\USER\Downloads\project - Copy\server\node_modules\express\lib\router\index.js:286:9
    at Function.process_params (C:\Users\USER\Downloads\project - Copy\server\node_modules\express\lib\router\index.js:346:12)
    at next (C:\Users\USER\Downloads\project - Copy\server\node_modules\express\lib\router\index.js:280:10)
    at logger (C:\Users\USER\Downloads\project - Copy\server\node_modules\morgan\index.js:144:5)
2025-07-19 19:07:00 error: Error: The CORS policy for this site does not allow access from the specified Origin.
    at origin (C:\Users\USER\Downloads\project - Copy\server\src\index.js:44:23)
    at C:\Users\USER\Downloads\project - Copy\server\node_modules\cors\lib\index.js:219:13
    at optionsCallback (C:\Users\USER\Downloads\project - Copy\server\node_modules\cors\lib\index.js:199:9)
    at corsMiddleware (C:\Users\USER\Downloads\project - Copy\server\node_modules\cors\lib\index.js:204:7)
    at Layer.handle [as handle_request] (C:\Users\USER\Downloads\project - Copy\server\node_modules\express\lib\router\layer.js:95:5)
    at trim_prefix (C:\Users\USER\Downloads\project - Copy\server\node_modules\express\lib\router\index.js:328:13)
    at C:\Users\USER\Downloads\project - Copy\server\node_modules\express\lib\router\index.js:286:9
    at Function.process_params (C:\Users\USER\Downloads\project - Copy\server\node_modules\express\lib\router\index.js:346:12)
    at next (C:\Users\USER\Downloads\project - Copy\server\node_modules\express\lib\router\index.js:280:10)
    at logger (C:\Users\USER\Downloads\project - Copy\server\node_modules\morgan\index.js:144:5)
2025-07-19 19:07:43 error: Error: The CORS policy for this site does not allow access from the specified Origin.
    at origin (C:\Users\USER\Downloads\project - Copy\server\src\index.js:44:23)
    at C:\Users\USER\Downloads\project - Copy\server\node_modules\cors\lib\index.js:219:13
    at optionsCallback (C:\Users\USER\Downloads\project - Copy\server\node_modules\cors\lib\index.js:199:9)
    at corsMiddleware (C:\Users\USER\Downloads\project - Copy\server\node_modules\cors\lib\index.js:204:7)
    at Layer.handle [as handle_request] (C:\Users\USER\Downloads\project - Copy\server\node_modules\express\lib\router\layer.js:95:5)
    at trim_prefix (C:\Users\USER\Downloads\project - Copy\server\node_modules\express\lib\router\index.js:328:13)
    at C:\Users\USER\Downloads\project - Copy\server\node_modules\express\lib\router\index.js:286:9
    at Function.process_params (C:\Users\USER\Downloads\project - Copy\server\node_modules\express\lib\router\index.js:346:12)
    at next (C:\Users\USER\Downloads\project - Copy\server\node_modules\express\lib\router\index.js:280:10)
    at logger (C:\Users\USER\Downloads\project - Copy\server\node_modules\morgan\index.js:144:5)
2025-07-19 19:07:43 error: Error: The CORS policy for this site does not allow access from the specified Origin.
    at origin (C:\Users\USER\Downloads\project - Copy\server\src\index.js:44:23)
    at C:\Users\USER\Downloads\project - Copy\server\node_modules\cors\lib\index.js:219:13
    at optionsCallback (C:\Users\USER\Downloads\project - Copy\server\node_modules\cors\lib\index.js:199:9)
    at corsMiddleware (C:\Users\USER\Downloads\project - Copy\server\node_modules\cors\lib\index.js:204:7)
    at Layer.handle [as handle_request] (C:\Users\USER\Downloads\project - Copy\server\node_modules\express\lib\router\layer.js:95:5)
    at trim_prefix (C:\Users\USER\Downloads\project - Copy\server\node_modules\express\lib\router\index.js:328:13)
    at C:\Users\USER\Downloads\project - Copy\server\node_modules\express\lib\router\index.js:286:9
    at Function.process_params (C:\Users\USER\Downloads\project - Copy\server\node_modules\express\lib\router\index.js:346:12)
    at next (C:\Users\USER\Downloads\project - Copy\server\node_modules\express\lib\router\index.js:280:10)
    at logger (C:\Users\USER\Downloads\project - Copy\server\node_modules\morgan\index.js:144:5)
2025-07-19 19:07:43 error: Error: The CORS policy for this site does not allow access from the specified Origin.
    at origin (C:\Users\USER\Downloads\project - Copy\server\src\index.js:44:23)
    at C:\Users\USER\Downloads\project - Copy\server\node_modules\cors\lib\index.js:219:13
    at optionsCallback (C:\Users\USER\Downloads\project - Copy\server\node_modules\cors\lib\index.js:199:9)
    at corsMiddleware (C:\Users\USER\Downloads\project - Copy\server\node_modules\cors\lib\index.js:204:7)
    at Layer.handle [as handle_request] (C:\Users\USER\Downloads\project - Copy\server\node_modules\express\lib\router\layer.js:95:5)
    at trim_prefix (C:\Users\USER\Downloads\project - Copy\server\node_modules\express\lib\router\index.js:328:13)
    at C:\Users\USER\Downloads\project - Copy\server\node_modules\express\lib\router\index.js:286:9
    at Function.process_params (C:\Users\USER\Downloads\project - Copy\server\node_modules\express\lib\router\index.js:346:12)
    at next (C:\Users\USER\Downloads\project - Copy\server\node_modules\express\lib\router\index.js:280:10)
    at logger (C:\Users\USER\Downloads\project - Copy\server\node_modules\morgan\index.js:144:5)
2025-07-19 19:07:43 error: Error: The CORS policy for this site does not allow access from the specified Origin.
    at origin (C:\Users\USER\Downloads\project - Copy\server\src\index.js:44:23)
    at C:\Users\USER\Downloads\project - Copy\server\node_modules\cors\lib\index.js:219:13
    at optionsCallback (C:\Users\USER\Downloads\project - Copy\server\node_modules\cors\lib\index.js:199:9)
    at corsMiddleware (C:\Users\USER\Downloads\project - Copy\server\node_modules\cors\lib\index.js:204:7)
    at Layer.handle [as handle_request] (C:\Users\USER\Downloads\project - Copy\server\node_modules\express\lib\router\layer.js:95:5)
    at trim_prefix (C:\Users\USER\Downloads\project - Copy\server\node_modules\express\lib\router\index.js:328:13)
    at C:\Users\USER\Downloads\project - Copy\server\node_modules\express\lib\router\index.js:286:9
    at Function.process_params (C:\Users\USER\Downloads\project - Copy\server\node_modules\express\lib\router\index.js:346:12)
    at next (C:\Users\USER\Downloads\project - Copy\server\node_modules\express\lib\router\index.js:280:10)
    at logger (C:\Users\USER\Downloads\project - Copy\server\node_modules\morgan\index.js:144:5)
2025-07-19 19:07:44 error: Error: The CORS policy for this site does not allow access from the specified Origin.
    at origin (C:\Users\USER\Downloads\project - Copy\server\src\index.js:44:23)
    at C:\Users\USER\Downloads\project - Copy\server\node_modules\cors\lib\index.js:219:13
    at optionsCallback (C:\Users\USER\Downloads\project - Copy\server\node_modules\cors\lib\index.js:199:9)
    at corsMiddleware (C:\Users\USER\Downloads\project - Copy\server\node_modules\cors\lib\index.js:204:7)
    at Layer.handle [as handle_request] (C:\Users\USER\Downloads\project - Copy\server\node_modules\express\lib\router\layer.js:95:5)
    at trim_prefix (C:\Users\USER\Downloads\project - Copy\server\node_modules\express\lib\router\index.js:328:13)
    at C:\Users\USER\Downloads\project - Copy\server\node_modules\express\lib\router\index.js:286:9
    at Function.process_params (C:\Users\USER\Downloads\project - Copy\server\node_modules\express\lib\router\index.js:346:12)
    at next (C:\Users\USER\Downloads\project - Copy\server\node_modules\express\lib\router\index.js:280:10)
    at logger (C:\Users\USER\Downloads\project - Copy\server\node_modules\morgan\index.js:144:5)
2025-07-19 19:07:44 error: Error: The CORS policy for this site does not allow access from the specified Origin.
    at origin (C:\Users\USER\Downloads\project - Copy\server\src\index.js:44:23)
    at C:\Users\USER\Downloads\project - Copy\server\node_modules\cors\lib\index.js:219:13
    at optionsCallback (C:\Users\USER\Downloads\project - Copy\server\node_modules\cors\lib\index.js:199:9)
    at corsMiddleware (C:\Users\USER\Downloads\project - Copy\server\node_modules\cors\lib\index.js:204:7)
    at Layer.handle [as handle_request] (C:\Users\USER\Downloads\project - Copy\server\node_modules\express\lib\router\layer.js:95:5)
    at trim_prefix (C:\Users\USER\Downloads\project - Copy\server\node_modules\express\lib\router\index.js:328:13)
    at C:\Users\USER\Downloads\project - Copy\server\node_modules\express\lib\router\index.js:286:9
    at Function.process_params (C:\Users\USER\Downloads\project - Copy\server\node_modules\express\lib\router\index.js:346:12)
    at next (C:\Users\USER\Downloads\project - Copy\server\node_modules\express\lib\router\index.js:280:10)
    at logger (C:\Users\USER\Downloads\project - Copy\server\node_modules\morgan\index.js:144:5)
2025-07-19 19:07:44 error: Error: The CORS policy for this site does not allow access from the specified Origin.
    at origin (C:\Users\USER\Downloads\project - Copy\server\src\index.js:44:23)
    at C:\Users\USER\Downloads\project - Copy\server\node_modules\cors\lib\index.js:219:13
    at optionsCallback (C:\Users\USER\Downloads\project - Copy\server\node_modules\cors\lib\index.js:199:9)
    at corsMiddleware (C:\Users\USER\Downloads\project - Copy\server\node_modules\cors\lib\index.js:204:7)
    at Layer.handle [as handle_request] (C:\Users\USER\Downloads\project - Copy\server\node_modules\express\lib\router\layer.js:95:5)
    at trim_prefix (C:\Users\USER\Downloads\project - Copy\server\node_modules\express\lib\router\index.js:328:13)
    at C:\Users\USER\Downloads\project - Copy\server\node_modules\express\lib\router\index.js:286:9
    at Function.process_params (C:\Users\USER\Downloads\project - Copy\server\node_modules\express\lib\router\index.js:346:12)
    at next (C:\Users\USER\Downloads\project - Copy\server\node_modules\express\lib\router\index.js:280:10)
    at logger (C:\Users\USER\Downloads\project - Copy\server\node_modules\morgan\index.js:144:5)
2025-07-19 19:07:44 error: Error: The CORS policy for this site does not allow access from the specified Origin.
    at origin (C:\Users\USER\Downloads\project - Copy\server\src\index.js:44:23)
    at C:\Users\USER\Downloads\project - Copy\server\node_modules\cors\lib\index.js:219:13
    at optionsCallback (C:\Users\USER\Downloads\project - Copy\server\node_modules\cors\lib\index.js:199:9)
    at corsMiddleware (C:\Users\USER\Downloads\project - Copy\server\node_modules\cors\lib\index.js:204:7)
    at Layer.handle [as handle_request] (C:\Users\USER\Downloads\project - Copy\server\node_modules\express\lib\router\layer.js:95:5)
    at trim_prefix (C:\Users\USER\Downloads\project - Copy\server\node_modules\express\lib\router\index.js:328:13)
    at C:\Users\USER\Downloads\project - Copy\server\node_modules\express\lib\router\index.js:286:9
    at Function.process_params (C:\Users\USER\Downloads\project - Copy\server\node_modules\express\lib\router\index.js:346:12)
    at next (C:\Users\USER\Downloads\project - Copy\server\node_modules\express\lib\router\index.js:280:10)
    at logger (C:\Users\USER\Downloads\project - Copy\server\node_modules\morgan\index.js:144:5)
2025-07-19 19:07:44 error: Error: The CORS policy for this site does not allow access from the specified Origin.
    at origin (C:\Users\USER\Downloads\project - Copy\server\src\index.js:44:23)
    at C:\Users\USER\Downloads\project - Copy\server\node_modules\cors\lib\index.js:219:13
    at optionsCallback (C:\Users\USER\Downloads\project - Copy\server\node_modules\cors\lib\index.js:199:9)
    at corsMiddleware (C:\Users\USER\Downloads\project - Copy\server\node_modules\cors\lib\index.js:204:7)
    at Layer.handle [as handle_request] (C:\Users\USER\Downloads\project - Copy\server\node_modules\express\lib\router\layer.js:95:5)
    at trim_prefix (C:\Users\USER\Downloads\project - Copy\server\node_modules\express\lib\router\index.js:328:13)
    at C:\Users\USER\Downloads\project - Copy\server\node_modules\express\lib\router\index.js:286:9
    at Function.process_params (C:\Users\USER\Downloads\project - Copy\server\node_modules\express\lib\router\index.js:346:12)
    at next (C:\Users\USER\Downloads\project - Copy\server\node_modules\express\lib\router\index.js:280:10)
    at logger (C:\Users\USER\Downloads\project - Copy\server\node_modules\morgan\index.js:144:5)
2025-07-19 19:07:44 error: Error: The CORS policy for this site does not allow access from the specified Origin.
    at origin (C:\Users\USER\Downloads\project - Copy\server\src\index.js:44:23)
    at C:\Users\USER\Downloads\project - Copy\server\node_modules\cors\lib\index.js:219:13
    at optionsCallback (C:\Users\USER\Downloads\project - Copy\server\node_modules\cors\lib\index.js:199:9)
    at corsMiddleware (C:\Users\USER\Downloads\project - Copy\server\node_modules\cors\lib\index.js:204:7)
    at Layer.handle [as handle_request] (C:\Users\USER\Downloads\project - Copy\server\node_modules\express\lib\router\layer.js:95:5)
    at trim_prefix (C:\Users\USER\Downloads\project - Copy\server\node_modules\express\lib\router\index.js:328:13)
    at C:\Users\USER\Downloads\project - Copy\server\node_modules\express\lib\router\index.js:286:9
    at Function.process_params (C:\Users\USER\Downloads\project - Copy\server\node_modules\express\lib\router\index.js:346:12)
    at next (C:\Users\USER\Downloads\project - Copy\server\node_modules\express\lib\router\index.js:280:10)
    at logger (C:\Users\USER\Downloads\project - Copy\server\node_modules\morgan\index.js:144:5)
2025-07-19 19:08:32 error: Error: The CORS policy for this site does not allow access from the specified Origin.
    at origin (C:\Users\USER\Downloads\project - Copy\server\src\index.js:44:23)
    at C:\Users\USER\Downloads\project - Copy\server\node_modules\cors\lib\index.js:219:13
    at optionsCallback (C:\Users\USER\Downloads\project - Copy\server\node_modules\cors\lib\index.js:199:9)
    at corsMiddleware (C:\Users\USER\Downloads\project - Copy\server\node_modules\cors\lib\index.js:204:7)
    at Layer.handle [as handle_request] (C:\Users\USER\Downloads\project - Copy\server\node_modules\express\lib\router\layer.js:95:5)
    at trim_prefix (C:\Users\USER\Downloads\project - Copy\server\node_modules\express\lib\router\index.js:328:13)
    at C:\Users\USER\Downloads\project - Copy\server\node_modules\express\lib\router\index.js:286:9
    at Function.process_params (C:\Users\USER\Downloads\project - Copy\server\node_modules\express\lib\router\index.js:346:12)
    at next (C:\Users\USER\Downloads\project - Copy\server\node_modules\express\lib\router\index.js:280:10)
    at logger (C:\Users\USER\Downloads\project - Copy\server\node_modules\morgan\index.js:144:5)
2025-07-19 19:08:32 error: Error: The CORS policy for this site does not allow access from the specified Origin.
    at origin (C:\Users\USER\Downloads\project - Copy\server\src\index.js:44:23)
    at C:\Users\USER\Downloads\project - Copy\server\node_modules\cors\lib\index.js:219:13
    at optionsCallback (C:\Users\USER\Downloads\project - Copy\server\node_modules\cors\lib\index.js:199:9)
    at corsMiddleware (C:\Users\USER\Downloads\project - Copy\server\node_modules\cors\lib\index.js:204:7)
    at Layer.handle [as handle_request] (C:\Users\USER\Downloads\project - Copy\server\node_modules\express\lib\router\layer.js:95:5)
    at trim_prefix (C:\Users\USER\Downloads\project - Copy\server\node_modules\express\lib\router\index.js:328:13)
    at C:\Users\USER\Downloads\project - Copy\server\node_modules\express\lib\router\index.js:286:9
    at Function.process_params (C:\Users\USER\Downloads\project - Copy\server\node_modules\express\lib\router\index.js:346:12)
    at next (C:\Users\USER\Downloads\project - Copy\server\node_modules\express\lib\router\index.js:280:10)
    at logger (C:\Users\USER\Downloads\project - Copy\server\node_modules\morgan\index.js:144:5)
2025-07-19 19:08:34 error: Error: The CORS policy for this site does not allow access from the specified Origin.
    at origin (C:\Users\USER\Downloads\project - Copy\server\src\index.js:44:23)
    at C:\Users\USER\Downloads\project - Copy\server\node_modules\cors\lib\index.js:219:13
    at optionsCallback (C:\Users\USER\Downloads\project - Copy\server\node_modules\cors\lib\index.js:199:9)
    at corsMiddleware (C:\Users\USER\Downloads\project - Copy\server\node_modules\cors\lib\index.js:204:7)
    at Layer.handle [as handle_request] (C:\Users\USER\Downloads\project - Copy\server\node_modules\express\lib\router\layer.js:95:5)
    at trim_prefix (C:\Users\USER\Downloads\project - Copy\server\node_modules\express\lib\router\index.js:328:13)
    at C:\Users\USER\Downloads\project - Copy\server\node_modules\express\lib\router\index.js:286:9
    at Function.process_params (C:\Users\USER\Downloads\project - Copy\server\node_modules\express\lib\router\index.js:346:12)
    at next (C:\Users\USER\Downloads\project - Copy\server\node_modules\express\lib\router\index.js:280:10)
    at logger (C:\Users\USER\Downloads\project - Copy\server\node_modules\morgan\index.js:144:5)
2025-07-19 19:08:34 error: Error: The CORS policy for this site does not allow access from the specified Origin.
    at origin (C:\Users\USER\Downloads\project - Copy\server\src\index.js:44:23)
    at C:\Users\USER\Downloads\project - Copy\server\node_modules\cors\lib\index.js:219:13
    at optionsCallback (C:\Users\USER\Downloads\project - Copy\server\node_modules\cors\lib\index.js:199:9)
    at corsMiddleware (C:\Users\USER\Downloads\project - Copy\server\node_modules\cors\lib\index.js:204:7)
    at Layer.handle [as handle_request] (C:\Users\USER\Downloads\project - Copy\server\node_modules\express\lib\router\layer.js:95:5)
    at trim_prefix (C:\Users\USER\Downloads\project - Copy\server\node_modules\express\lib\router\index.js:328:13)
    at C:\Users\USER\Downloads\project - Copy\server\node_modules\express\lib\router\index.js:286:9
    at Function.process_params (C:\Users\USER\Downloads\project - Copy\server\node_modules\express\lib\router\index.js:346:12)
    at next (C:\Users\USER\Downloads\project - Copy\server\node_modules\express\lib\router\index.js:280:10)
    at logger (C:\Users\USER\Downloads\project - Copy\server\node_modules\morgan\index.js:144:5)
2025-07-20 02:02:52 error: Error: The CORS policy for this site does not allow access from the specified Origin.
    at origin (C:\Users\USER\Downloads\project - Copy\server\src\index.js:44:23)
    at C:\Users\USER\Downloads\project - Copy\server\node_modules\cors\lib\index.js:219:13
    at optionsCallback (C:\Users\USER\Downloads\project - Copy\server\node_modules\cors\lib\index.js:199:9)
    at corsMiddleware (C:\Users\USER\Downloads\project - Copy\server\node_modules\cors\lib\index.js:204:7)
    at Layer.handle [as handle_request] (C:\Users\USER\Downloads\project - Copy\server\node_modules\express\lib\router\layer.js:95:5)
    at trim_prefix (C:\Users\USER\Downloads\project - Copy\server\node_modules\express\lib\router\index.js:328:13)
    at C:\Users\USER\Downloads\project - Copy\server\node_modules\express\lib\router\index.js:286:9
    at Function.process_params (C:\Users\USER\Downloads\project - Copy\server\node_modules\express\lib\router\index.js:346:12)
    at next (C:\Users\USER\Downloads\project - Copy\server\node_modules\express\lib\router\index.js:280:10)
    at logger (C:\Users\USER\Downloads\project - Copy\server\node_modules\morgan\index.js:144:5)
2025-07-20 02:02:53 error: Error: The CORS policy for this site does not allow access from the specified Origin.
    at origin (C:\Users\USER\Downloads\project - Copy\server\src\index.js:44:23)
    at C:\Users\USER\Downloads\project - Copy\server\node_modules\cors\lib\index.js:219:13
    at optionsCallback (C:\Users\USER\Downloads\project - Copy\server\node_modules\cors\lib\index.js:199:9)
    at corsMiddleware (C:\Users\USER\Downloads\project - Copy\server\node_modules\cors\lib\index.js:204:7)
    at Layer.handle [as handle_request] (C:\Users\USER\Downloads\project - Copy\server\node_modules\express\lib\router\layer.js:95:5)
    at trim_prefix (C:\Users\USER\Downloads\project - Copy\server\node_modules\express\lib\router\index.js:328:13)
    at C:\Users\USER\Downloads\project - Copy\server\node_modules\express\lib\router\index.js:286:9
    at Function.process_params (C:\Users\USER\Downloads\project - Copy\server\node_modules\express\lib\router\index.js:346:12)
    at next (C:\Users\USER\Downloads\project - Copy\server\node_modules\express\lib\router\index.js:280:10)
    at logger (C:\Users\USER\Downloads\project - Copy\server\node_modules\morgan\index.js:144:5)
2025-07-20 02:02:54 error: Error: The CORS policy for this site does not allow access from the specified Origin.
    at origin (C:\Users\USER\Downloads\project - Copy\server\src\index.js:44:23)
    at C:\Users\USER\Downloads\project - Copy\server\node_modules\cors\lib\index.js:219:13
    at optionsCallback (C:\Users\USER\Downloads\project - Copy\server\node_modules\cors\lib\index.js:199:9)
    at corsMiddleware (C:\Users\USER\Downloads\project - Copy\server\node_modules\cors\lib\index.js:204:7)
    at Layer.handle [as handle_request] (C:\Users\USER\Downloads\project - Copy\server\node_modules\express\lib\router\layer.js:95:5)
    at trim_prefix (C:\Users\USER\Downloads\project - Copy\server\node_modules\express\lib\router\index.js:328:13)
    at C:\Users\USER\Downloads\project - Copy\server\node_modules\express\lib\router\index.js:286:9
    at Function.process_params (C:\Users\USER\Downloads\project - Copy\server\node_modules\express\lib\router\index.js:346:12)
    at next (C:\Users\USER\Downloads\project - Copy\server\node_modules\express\lib\router\index.js:280:10)
    at logger (C:\Users\USER\Downloads\project - Copy\server\node_modules\morgan\index.js:144:5)
2025-07-20 02:02:54 error: Error: The CORS policy for this site does not allow access from the specified Origin.
    at origin (C:\Users\USER\Downloads\project - Copy\server\src\index.js:44:23)
    at C:\Users\USER\Downloads\project - Copy\server\node_modules\cors\lib\index.js:219:13
    at optionsCallback (C:\Users\USER\Downloads\project - Copy\server\node_modules\cors\lib\index.js:199:9)
    at corsMiddleware (C:\Users\USER\Downloads\project - Copy\server\node_modules\cors\lib\index.js:204:7)
    at Layer.handle [as handle_request] (C:\Users\USER\Downloads\project - Copy\server\node_modules\express\lib\router\layer.js:95:5)
    at trim_prefix (C:\Users\USER\Downloads\project - Copy\server\node_modules\express\lib\router\index.js:328:13)
    at C:\Users\USER\Downloads\project - Copy\server\node_modules\express\lib\router\index.js:286:9
    at Function.process_params (C:\Users\USER\Downloads\project - Copy\server\node_modules\express\lib\router\index.js:346:12)
    at next (C:\Users\USER\Downloads\project - Copy\server\node_modules\express\lib\router\index.js:280:10)
    at logger (C:\Users\USER\Downloads\project - Copy\server\node_modules\morgan\index.js:144:5)
2025-07-20 02:02:54 error: Error: The CORS policy for this site does not allow access from the specified Origin.
    at origin (C:\Users\USER\Downloads\project - Copy\server\src\index.js:44:23)
    at C:\Users\USER\Downloads\project - Copy\server\node_modules\cors\lib\index.js:219:13
    at optionsCallback (C:\Users\USER\Downloads\project - Copy\server\node_modules\cors\lib\index.js:199:9)
    at corsMiddleware (C:\Users\USER\Downloads\project - Copy\server\node_modules\cors\lib\index.js:204:7)
    at Layer.handle [as handle_request] (C:\Users\USER\Downloads\project - Copy\server\node_modules\express\lib\router\layer.js:95:5)
    at trim_prefix (C:\Users\USER\Downloads\project - Copy\server\node_modules\express\lib\router\index.js:328:13)
    at C:\Users\USER\Downloads\project - Copy\server\node_modules\express\lib\router\index.js:286:9
    at Function.process_params (C:\Users\USER\Downloads\project - Copy\server\node_modules\express\lib\router\index.js:346:12)
    at next (C:\Users\USER\Downloads\project - Copy\server\node_modules\express\lib\router\index.js:280:10)
    at logger (C:\Users\USER\Downloads\project - Copy\server\node_modules\morgan\index.js:144:5)
2025-07-20 02:02:54 error: Error: The CORS policy for this site does not allow access from the specified Origin.
    at origin (C:\Users\USER\Downloads\project - Copy\server\src\index.js:44:23)
    at C:\Users\USER\Downloads\project - Copy\server\node_modules\cors\lib\index.js:219:13
    at optionsCallback (C:\Users\USER\Downloads\project - Copy\server\node_modules\cors\lib\index.js:199:9)
    at corsMiddleware (C:\Users\USER\Downloads\project - Copy\server\node_modules\cors\lib\index.js:204:7)
    at Layer.handle [as handle_request] (C:\Users\USER\Downloads\project - Copy\server\node_modules\express\lib\router\layer.js:95:5)
    at trim_prefix (C:\Users\USER\Downloads\project - Copy\server\node_modules\express\lib\router\index.js:328:13)
    at C:\Users\USER\Downloads\project - Copy\server\node_modules\express\lib\router\index.js:286:9
    at Function.process_params (C:\Users\USER\Downloads\project - Copy\server\node_modules\express\lib\router\index.js:346:12)
    at next (C:\Users\USER\Downloads\project - Copy\server\node_modules\express\lib\router\index.js:280:10)
    at logger (C:\Users\USER\Downloads\project - Copy\server\node_modules\morgan\index.js:144:5)
2025-07-20 02:02:55 error: Error: The CORS policy for this site does not allow access from the specified Origin.
    at origin (C:\Users\USER\Downloads\project - Copy\server\src\index.js:44:23)
    at C:\Users\USER\Downloads\project - Copy\server\node_modules\cors\lib\index.js:219:13
    at optionsCallback (C:\Users\USER\Downloads\project - Copy\server\node_modules\cors\lib\index.js:199:9)
    at corsMiddleware (C:\Users\USER\Downloads\project - Copy\server\node_modules\cors\lib\index.js:204:7)
    at Layer.handle [as handle_request] (C:\Users\USER\Downloads\project - Copy\server\node_modules\express\lib\router\layer.js:95:5)
    at trim_prefix (C:\Users\USER\Downloads\project - Copy\server\node_modules\express\lib\router\index.js:328:13)
    at C:\Users\USER\Downloads\project - Copy\server\node_modules\express\lib\router\index.js:286:9
    at Function.process_params (C:\Users\USER\Downloads\project - Copy\server\node_modules\express\lib\router\index.js:346:12)
    at next (C:\Users\USER\Downloads\project - Copy\server\node_modules\express\lib\router\index.js:280:10)
    at logger (C:\Users\USER\Downloads\project - Copy\server\node_modules\morgan\index.js:144:5)
2025-07-20 02:03:32 error: Error: The CORS policy for this site does not allow access from the specified Origin.
    at origin (C:\Users\USER\Downloads\project - Copy\server\src\index.js:44:23)
    at C:\Users\USER\Downloads\project - Copy\server\node_modules\cors\lib\index.js:219:13
    at optionsCallback (C:\Users\USER\Downloads\project - Copy\server\node_modules\cors\lib\index.js:199:9)
    at corsMiddleware (C:\Users\USER\Downloads\project - Copy\server\node_modules\cors\lib\index.js:204:7)
    at Layer.handle [as handle_request] (C:\Users\USER\Downloads\project - Copy\server\node_modules\express\lib\router\layer.js:95:5)
    at trim_prefix (C:\Users\USER\Downloads\project - Copy\server\node_modules\express\lib\router\index.js:328:13)
    at C:\Users\USER\Downloads\project - Copy\server\node_modules\express\lib\router\index.js:286:9
    at Function.process_params (C:\Users\USER\Downloads\project - Copy\server\node_modules\express\lib\router\index.js:346:12)
    at next (C:\Users\USER\Downloads\project - Copy\server\node_modules\express\lib\router\index.js:280:10)
    at logger (C:\Users\USER\Downloads\project - Copy\server\node_modules\morgan\index.js:144:5)
2025-07-20 02:03:33 error: Error: The CORS policy for this site does not allow access from the specified Origin.
    at origin (C:\Users\USER\Downloads\project - Copy\server\src\index.js:44:23)
    at C:\Users\USER\Downloads\project - Copy\server\node_modules\cors\lib\index.js:219:13
    at optionsCallback (C:\Users\USER\Downloads\project - Copy\server\node_modules\cors\lib\index.js:199:9)
    at corsMiddleware (C:\Users\USER\Downloads\project - Copy\server\node_modules\cors\lib\index.js:204:7)
    at Layer.handle [as handle_request] (C:\Users\USER\Downloads\project - Copy\server\node_modules\express\lib\router\layer.js:95:5)
    at trim_prefix (C:\Users\USER\Downloads\project - Copy\server\node_modules\express\lib\router\index.js:328:13)
    at C:\Users\USER\Downloads\project - Copy\server\node_modules\express\lib\router\index.js:286:9
    at Function.process_params (C:\Users\USER\Downloads\project - Copy\server\node_modules\express\lib\router\index.js:346:12)
    at next (C:\Users\USER\Downloads\project - Copy\server\node_modules\express\lib\router\index.js:280:10)
    at logger (C:\Users\USER\Downloads\project - Copy\server\node_modules\morgan\index.js:144:5)
2025-07-20 02:03:33 error: Error: The CORS policy for this site does not allow access from the specified Origin.
    at origin (C:\Users\USER\Downloads\project - Copy\server\src\index.js:44:23)
    at C:\Users\USER\Downloads\project - Copy\server\node_modules\cors\lib\index.js:219:13
    at optionsCallback (C:\Users\USER\Downloads\project - Copy\server\node_modules\cors\lib\index.js:199:9)
    at corsMiddleware (C:\Users\USER\Downloads\project - Copy\server\node_modules\cors\lib\index.js:204:7)
    at Layer.handle [as handle_request] (C:\Users\USER\Downloads\project - Copy\server\node_modules\express\lib\router\layer.js:95:5)
    at trim_prefix (C:\Users\USER\Downloads\project - Copy\server\node_modules\express\lib\router\index.js:328:13)
    at C:\Users\USER\Downloads\project - Copy\server\node_modules\express\lib\router\index.js:286:9
    at Function.process_params (C:\Users\USER\Downloads\project - Copy\server\node_modules\express\lib\router\index.js:346:12)
    at next (C:\Users\USER\Downloads\project - Copy\server\node_modules\express\lib\router\index.js:280:10)
    at logger (C:\Users\USER\Downloads\project - Copy\server\node_modules\morgan\index.js:144:5)
2025-07-20 02:03:33 error: Error: The CORS policy for this site does not allow access from the specified Origin.
    at origin (C:\Users\USER\Downloads\project - Copy\server\src\index.js:44:23)
    at C:\Users\USER\Downloads\project - Copy\server\node_modules\cors\lib\index.js:219:13
    at optionsCallback (C:\Users\USER\Downloads\project - Copy\server\node_modules\cors\lib\index.js:199:9)
    at corsMiddleware (C:\Users\USER\Downloads\project - Copy\server\node_modules\cors\lib\index.js:204:7)
    at Layer.handle [as handle_request] (C:\Users\USER\Downloads\project - Copy\server\node_modules\express\lib\router\layer.js:95:5)
    at trim_prefix (C:\Users\USER\Downloads\project - Copy\server\node_modules\express\lib\router\index.js:328:13)
    at C:\Users\USER\Downloads\project - Copy\server\node_modules\express\lib\router\index.js:286:9
    at Function.process_params (C:\Users\USER\Downloads\project - Copy\server\node_modules\express\lib\router\index.js:346:12)
    at next (C:\Users\USER\Downloads\project - Copy\server\node_modules\express\lib\router\index.js:280:10)
    at logger (C:\Users\USER\Downloads\project - Copy\server\node_modules\morgan\index.js:144:5)
2025-07-20 02:03:33 error: Error: The CORS policy for this site does not allow access from the specified Origin.
    at origin (C:\Users\USER\Downloads\project - Copy\server\src\index.js:44:23)
    at C:\Users\USER\Downloads\project - Copy\server\node_modules\cors\lib\index.js:219:13
    at optionsCallback (C:\Users\USER\Downloads\project - Copy\server\node_modules\cors\lib\index.js:199:9)
    at corsMiddleware (C:\Users\USER\Downloads\project - Copy\server\node_modules\cors\lib\index.js:204:7)
    at Layer.handle [as handle_request] (C:\Users\USER\Downloads\project - Copy\server\node_modules\express\lib\router\layer.js:95:5)
    at trim_prefix (C:\Users\USER\Downloads\project - Copy\server\node_modules\express\lib\router\index.js:328:13)
    at C:\Users\USER\Downloads\project - Copy\server\node_modules\express\lib\router\index.js:286:9
    at Function.process_params (C:\Users\USER\Downloads\project - Copy\server\node_modules\express\lib\router\index.js:346:12)
    at next (C:\Users\USER\Downloads\project - Copy\server\node_modules\express\lib\router\index.js:280:10)
    at logger (C:\Users\USER\Downloads\project - Copy\server\node_modules\morgan\index.js:144:5)
2025-07-20 02:03:34 error: Error: The CORS policy for this site does not allow access from the specified Origin.
    at origin (C:\Users\USER\Downloads\project - Copy\server\src\index.js:44:23)
    at C:\Users\USER\Downloads\project - Copy\server\node_modules\cors\lib\index.js:219:13
    at optionsCallback (C:\Users\USER\Downloads\project - Copy\server\node_modules\cors\lib\index.js:199:9)
    at corsMiddleware (C:\Users\USER\Downloads\project - Copy\server\node_modules\cors\lib\index.js:204:7)
    at Layer.handle [as handle_request] (C:\Users\USER\Downloads\project - Copy\server\node_modules\express\lib\router\layer.js:95:5)
    at trim_prefix (C:\Users\USER\Downloads\project - Copy\server\node_modules\express\lib\router\index.js:328:13)
    at C:\Users\USER\Downloads\project - Copy\server\node_modules\express\lib\router\index.js:286:9
    at Function.process_params (C:\Users\USER\Downloads\project - Copy\server\node_modules\express\lib\router\index.js:346:12)
    at next (C:\Users\USER\Downloads\project - Copy\server\node_modules\express\lib\router\index.js:280:10)
    at logger (C:\Users\USER\Downloads\project - Copy\server\node_modules\morgan\index.js:144:5)
2025-07-20 02:03:35 error: Error: The CORS policy for this site does not allow access from the specified Origin.
    at origin (C:\Users\USER\Downloads\project - Copy\server\src\index.js:44:23)
    at C:\Users\USER\Downloads\project - Copy\server\node_modules\cors\lib\index.js:219:13
    at optionsCallback (C:\Users\USER\Downloads\project - Copy\server\node_modules\cors\lib\index.js:199:9)
    at corsMiddleware (C:\Users\USER\Downloads\project - Copy\server\node_modules\cors\lib\index.js:204:7)
    at Layer.handle [as handle_request] (C:\Users\USER\Downloads\project - Copy\server\node_modules\express\lib\router\layer.js:95:5)
    at trim_prefix (C:\Users\USER\Downloads\project - Copy\server\node_modules\express\lib\router\index.js:328:13)
    at C:\Users\USER\Downloads\project - Copy\server\node_modules\express\lib\router\index.js:286:9
    at Function.process_params (C:\Users\USER\Downloads\project - Copy\server\node_modules\express\lib\router\index.js:346:12)
    at next (C:\Users\USER\Downloads\project - Copy\server\node_modules\express\lib\router\index.js:280:10)
    at logger (C:\Users\USER\Downloads\project - Copy\server\node_modules\morgan\index.js:144:5)
2025-07-20 02:03:35 error: Error: The CORS policy for this site does not allow access from the specified Origin.
    at origin (C:\Users\USER\Downloads\project - Copy\server\src\index.js:44:23)
    at C:\Users\USER\Downloads\project - Copy\server\node_modules\cors\lib\index.js:219:13
    at optionsCallback (C:\Users\USER\Downloads\project - Copy\server\node_modules\cors\lib\index.js:199:9)
    at corsMiddleware (C:\Users\USER\Downloads\project - Copy\server\node_modules\cors\lib\index.js:204:7)
    at Layer.handle [as handle_request] (C:\Users\USER\Downloads\project - Copy\server\node_modules\express\lib\router\layer.js:95:5)
    at trim_prefix (C:\Users\USER\Downloads\project - Copy\server\node_modules\express\lib\router\index.js:328:13)
    at C:\Users\USER\Downloads\project - Copy\server\node_modules\express\lib\router\index.js:286:9
    at Function.process_params (C:\Users\USER\Downloads\project - Copy\server\node_modules\express\lib\router\index.js:346:12)
    at next (C:\Users\USER\Downloads\project - Copy\server\node_modules\express\lib\router\index.js:280:10)
    at logger (C:\Users\USER\Downloads\project - Copy\server\node_modules\morgan\index.js:144:5)
2025-07-20 02:03:36 error: Error: The CORS policy for this site does not allow access from the specified Origin.
    at origin (C:\Users\USER\Downloads\project - Copy\server\src\index.js:44:23)
    at C:\Users\USER\Downloads\project - Copy\server\node_modules\cors\lib\index.js:219:13
    at optionsCallback (C:\Users\USER\Downloads\project - Copy\server\node_modules\cors\lib\index.js:199:9)
    at corsMiddleware (C:\Users\USER\Downloads\project - Copy\server\node_modules\cors\lib\index.js:204:7)
    at Layer.handle [as handle_request] (C:\Users\USER\Downloads\project - Copy\server\node_modules\express\lib\router\layer.js:95:5)
    at trim_prefix (C:\Users\USER\Downloads\project - Copy\server\node_modules\express\lib\router\index.js:328:13)
    at C:\Users\USER\Downloads\project - Copy\server\node_modules\express\lib\router\index.js:286:9
    at Function.process_params (C:\Users\USER\Downloads\project - Copy\server\node_modules\express\lib\router\index.js:346:12)
    at next (C:\Users\USER\Downloads\project - Copy\server\node_modules\express\lib\router\index.js:280:10)
    at logger (C:\Users\USER\Downloads\project - Copy\server\node_modules\morgan\index.js:144:5)
2025-07-20 02:03:55 error: Error: The CORS policy for this site does not allow access from the specified Origin.
    at origin (C:\Users\USER\Downloads\project - Copy\server\src\index.js:44:23)
    at C:\Users\USER\Downloads\project - Copy\server\node_modules\cors\lib\index.js:219:13
    at optionsCallback (C:\Users\USER\Downloads\project - Copy\server\node_modules\cors\lib\index.js:199:9)
    at corsMiddleware (C:\Users\USER\Downloads\project - Copy\server\node_modules\cors\lib\index.js:204:7)
    at Layer.handle [as handle_request] (C:\Users\USER\Downloads\project - Copy\server\node_modules\express\lib\router\layer.js:95:5)
    at trim_prefix (C:\Users\USER\Downloads\project - Copy\server\node_modules\express\lib\router\index.js:328:13)
    at C:\Users\USER\Downloads\project - Copy\server\node_modules\express\lib\router\index.js:286:9
    at Function.process_params (C:\Users\USER\Downloads\project - Copy\server\node_modules\express\lib\router\index.js:346:12)
    at next (C:\Users\USER\Downloads\project - Copy\server\node_modules\express\lib\router\index.js:280:10)
    at logger (C:\Users\USER\Downloads\project - Copy\server\node_modules\morgan\index.js:144:5)
2025-07-20 02:03:56 error: Error: The CORS policy for this site does not allow access from the specified Origin.
    at origin (C:\Users\USER\Downloads\project - Copy\server\src\index.js:44:23)
    at C:\Users\USER\Downloads\project - Copy\server\node_modules\cors\lib\index.js:219:13
    at optionsCallback (C:\Users\USER\Downloads\project - Copy\server\node_modules\cors\lib\index.js:199:9)
    at corsMiddleware (C:\Users\USER\Downloads\project - Copy\server\node_modules\cors\lib\index.js:204:7)
    at Layer.handle [as handle_request] (C:\Users\USER\Downloads\project - Copy\server\node_modules\express\lib\router\layer.js:95:5)
    at trim_prefix (C:\Users\USER\Downloads\project - Copy\server\node_modules\express\lib\router\index.js:328:13)
    at C:\Users\USER\Downloads\project - Copy\server\node_modules\express\lib\router\index.js:286:9
    at Function.process_params (C:\Users\USER\Downloads\project - Copy\server\node_modules\express\lib\router\index.js:346:12)
    at next (C:\Users\USER\Downloads\project - Copy\server\node_modules\express\lib\router\index.js:280:10)
    at logger (C:\Users\USER\Downloads\project - Copy\server\node_modules\morgan\index.js:144:5)
2025-07-20 02:03:56 error: Error: The CORS policy for this site does not allow access from the specified Origin.
    at origin (C:\Users\USER\Downloads\project - Copy\server\src\index.js:44:23)
    at C:\Users\USER\Downloads\project - Copy\server\node_modules\cors\lib\index.js:219:13
    at optionsCallback (C:\Users\USER\Downloads\project - Copy\server\node_modules\cors\lib\index.js:199:9)
    at corsMiddleware (C:\Users\USER\Downloads\project - Copy\server\node_modules\cors\lib\index.js:204:7)
    at Layer.handle [as handle_request] (C:\Users\USER\Downloads\project - Copy\server\node_modules\express\lib\router\layer.js:95:5)
    at trim_prefix (C:\Users\USER\Downloads\project - Copy\server\node_modules\express\lib\router\index.js:328:13)
    at C:\Users\USER\Downloads\project - Copy\server\node_modules\express\lib\router\index.js:286:9
    at Function.process_params (C:\Users\USER\Downloads\project - Copy\server\node_modules\express\lib\router\index.js:346:12)
    at next (C:\Users\USER\Downloads\project - Copy\server\node_modules\express\lib\router\index.js:280:10)
    at logger (C:\Users\USER\Downloads\project - Copy\server\node_modules\morgan\index.js:144:5)
2025-07-20 02:03:56 error: Error: The CORS policy for this site does not allow access from the specified Origin.
    at origin (C:\Users\USER\Downloads\project - Copy\server\src\index.js:44:23)
    at C:\Users\USER\Downloads\project - Copy\server\node_modules\cors\lib\index.js:219:13
    at optionsCallback (C:\Users\USER\Downloads\project - Copy\server\node_modules\cors\lib\index.js:199:9)
    at corsMiddleware (C:\Users\USER\Downloads\project - Copy\server\node_modules\cors\lib\index.js:204:7)
    at Layer.handle [as handle_request] (C:\Users\USER\Downloads\project - Copy\server\node_modules\express\lib\router\layer.js:95:5)
    at trim_prefix (C:\Users\USER\Downloads\project - Copy\server\node_modules\express\lib\router\index.js:328:13)
    at C:\Users\USER\Downloads\project - Copy\server\node_modules\express\lib\router\index.js:286:9
    at Function.process_params (C:\Users\USER\Downloads\project - Copy\server\node_modules\express\lib\router\index.js:346:12)
    at next (C:\Users\USER\Downloads\project - Copy\server\node_modules\express\lib\router\index.js:280:10)
    at logger (C:\Users\USER\Downloads\project - Copy\server\node_modules\morgan\index.js:144:5)
2025-07-20 02:03:56 error: Error: The CORS policy for this site does not allow access from the specified Origin.
    at origin (C:\Users\USER\Downloads\project - Copy\server\src\index.js:44:23)
    at C:\Users\USER\Downloads\project - Copy\server\node_modules\cors\lib\index.js:219:13
    at optionsCallback (C:\Users\USER\Downloads\project - Copy\server\node_modules\cors\lib\index.js:199:9)
    at corsMiddleware (C:\Users\USER\Downloads\project - Copy\server\node_modules\cors\lib\index.js:204:7)
    at Layer.handle [as handle_request] (C:\Users\USER\Downloads\project - Copy\server\node_modules\express\lib\router\layer.js:95:5)
    at trim_prefix (C:\Users\USER\Downloads\project - Copy\server\node_modules\express\lib\router\index.js:328:13)
    at C:\Users\USER\Downloads\project - Copy\server\node_modules\express\lib\router\index.js:286:9
    at Function.process_params (C:\Users\USER\Downloads\project - Copy\server\node_modules\express\lib\router\index.js:346:12)
    at next (C:\Users\USER\Downloads\project - Copy\server\node_modules\express\lib\router\index.js:280:10)
    at logger (C:\Users\USER\Downloads\project - Copy\server\node_modules\morgan\index.js:144:5)
2025-07-20 02:03:56 error: Error: The CORS policy for this site does not allow access from the specified Origin.
    at origin (C:\Users\USER\Downloads\project - Copy\server\src\index.js:44:23)
    at C:\Users\USER\Downloads\project - Copy\server\node_modules\cors\lib\index.js:219:13
    at optionsCallback (C:\Users\USER\Downloads\project - Copy\server\node_modules\cors\lib\index.js:199:9)
    at corsMiddleware (C:\Users\USER\Downloads\project - Copy\server\node_modules\cors\lib\index.js:204:7)
    at Layer.handle [as handle_request] (C:\Users\USER\Downloads\project - Copy\server\node_modules\express\lib\router\layer.js:95:5)
    at trim_prefix (C:\Users\USER\Downloads\project - Copy\server\node_modules\express\lib\router\index.js:328:13)
    at C:\Users\USER\Downloads\project - Copy\server\node_modules\express\lib\router\index.js:286:9
    at Function.process_params (C:\Users\USER\Downloads\project - Copy\server\node_modules\express\lib\router\index.js:346:12)
    at next (C:\Users\USER\Downloads\project - Copy\server\node_modules\express\lib\router\index.js:280:10)
    at logger (C:\Users\USER\Downloads\project - Copy\server\node_modules\morgan\index.js:144:5)
2025-07-20 02:03:57 error: Error: The CORS policy for this site does not allow access from the specified Origin.
    at origin (C:\Users\USER\Downloads\project - Copy\server\src\index.js:44:23)
    at C:\Users\USER\Downloads\project - Copy\server\node_modules\cors\lib\index.js:219:13
    at optionsCallback (C:\Users\USER\Downloads\project - Copy\server\node_modules\cors\lib\index.js:199:9)
    at corsMiddleware (C:\Users\USER\Downloads\project - Copy\server\node_modules\cors\lib\index.js:204:7)
    at Layer.handle [as handle_request] (C:\Users\USER\Downloads\project - Copy\server\node_modules\express\lib\router\layer.js:95:5)
    at trim_prefix (C:\Users\USER\Downloads\project - Copy\server\node_modules\express\lib\router\index.js:328:13)
    at C:\Users\USER\Downloads\project - Copy\server\node_modules\express\lib\router\index.js:286:9
    at Function.process_params (C:\Users\USER\Downloads\project - Copy\server\node_modules\express\lib\router\index.js:346:12)
    at next (C:\Users\USER\Downloads\project - Copy\server\node_modules\express\lib\router\index.js:280:10)
    at logger (C:\Users\USER\Downloads\project - Copy\server\node_modules\morgan\index.js:144:5)
2025-07-20 02:03:57 error: Error: The CORS policy for this site does not allow access from the specified Origin.
    at origin (C:\Users\USER\Downloads\project - Copy\server\src\index.js:44:23)
    at C:\Users\USER\Downloads\project - Copy\server\node_modules\cors\lib\index.js:219:13
    at optionsCallback (C:\Users\USER\Downloads\project - Copy\server\node_modules\cors\lib\index.js:199:9)
    at corsMiddleware (C:\Users\USER\Downloads\project - Copy\server\node_modules\cors\lib\index.js:204:7)
    at Layer.handle [as handle_request] (C:\Users\USER\Downloads\project - Copy\server\node_modules\express\lib\router\layer.js:95:5)
    at trim_prefix (C:\Users\USER\Downloads\project - Copy\server\node_modules\express\lib\router\index.js:328:13)
    at C:\Users\USER\Downloads\project - Copy\server\node_modules\express\lib\router\index.js:286:9
    at Function.process_params (C:\Users\USER\Downloads\project - Copy\server\node_modules\express\lib\router\index.js:346:12)
    at next (C:\Users\USER\Downloads\project - Copy\server\node_modules\express\lib\router\index.js:280:10)
    at logger (C:\Users\USER\Downloads\project - Copy\server\node_modules\morgan\index.js:144:5)
2025-07-20 02:03:57 error: Error: The CORS policy for this site does not allow access from the specified Origin.
    at origin (C:\Users\USER\Downloads\project - Copy\server\src\index.js:44:23)
    at C:\Users\USER\Downloads\project - Copy\server\node_modules\cors\lib\index.js:219:13
    at optionsCallback (C:\Users\USER\Downloads\project - Copy\server\node_modules\cors\lib\index.js:199:9)
    at corsMiddleware (C:\Users\USER\Downloads\project - Copy\server\node_modules\cors\lib\index.js:204:7)
    at Layer.handle [as handle_request] (C:\Users\USER\Downloads\project - Copy\server\node_modules\express\lib\router\layer.js:95:5)
    at trim_prefix (C:\Users\USER\Downloads\project - Copy\server\node_modules\express\lib\router\index.js:328:13)
    at C:\Users\USER\Downloads\project - Copy\server\node_modules\express\lib\router\index.js:286:9
    at Function.process_params (C:\Users\USER\Downloads\project - Copy\server\node_modules\express\lib\router\index.js:346:12)
    at next (C:\Users\USER\Downloads\project - Copy\server\node_modules\express\lib\router\index.js:280:10)
    at logger (C:\Users\USER\Downloads\project - Copy\server\node_modules\morgan\index.js:144:5)
